<?xml version="1.0" encoding="UTF-8"?>
<testsuite name="TestSuite" time="660.128" tests="21" errors="0" skipped="0" failures="2">
  <properties>
[...]
</properties>
  <testcase name="verifyTitle" classname="com.ccautomation.pagetitle.PageTitleTest" time="34.733"/>
  <testcase name="verifyTitle" classname="com.ccautomation.pagetitle.PageTitleTest" time="30.556"/>
  <testcase name="verifyTitle" classname="com.ccautomation.pagetitle.PageTitleTest" time="30.772"/>
  <testcase name="verifyTitle" classname="com.ccautomation.pagetitle.PageTitleTest" time="30.625"/>
  <testcase name="verifyTitle" classname="com.ccautomation.pagetitle.PageTitleTest" time="30.487"/>
  <testcase name="verifyTitle" classname="com.ccautomation.pagetitle.PageTitleTest" time="30.462"/>
  <testcase name="verifyTitle" classname="com.ccautomation.pagetitle.PageTitleTest" time="30.504"/>
  <testcase name="verifyTitle" classname="com.ccautomation.pagetitle.PageTitleTest" time="31.37">
    <failure message="expected [ Latest Stories of Trending Topics on Sports | Humorous &amp; Satire Stories on Sport Celebrities | India.com ] but found [Latest Stories of Trending Topics on Sports | Humorous &amp; Satire Stories on Sport Celebrities | India.com]" type="java.lang.AssertionError"><![CDATA[java.lang.AssertionError: expected [ Latest Stories of Trending Topics on Sports | Humorous & Satire Stories on Sport Celebrities | India.com ] but found [Latest Stories of Trending Topics on Sports | Humorous & Satire Stories on Sport Celebrities | India.com]
	at org.testng.Assert.fail(Assert.java:94)
	at org.testng.Assert.failNotEquals(Assert.java:494)
	at org.testng.Assert.assertEquals(Assert.java:123)
	at org.testng.Assert.assertEquals(Assert.java:176)
	at org.testng.Assert.assertEquals(Assert.java:186)
	at com.ccautomation.pagetitle.PageTitleTest.verifyTitle(PageTitleTest.java:54)
]]></failure>
    <system-err><![CDATA[Jul 27, 2015 3:45:42 PM org.fest.swing.testng.listener.ScreenshotOnFailureListener takeScreenshotAndReturnFileName
SEVERE: Unable to save image as 'D:\Automation-20072015\CCAutomation\target\surefire-reports\Smoke Test\com.ccautomation.pagetitle.PageTitleTest.verifyTitle.Sports Page. Latest Stories of Trending Topics on Sports | Humorous & Satire Stories on Sport Celebrities | India.com .Latest & Popular Sports News - Read popular gossip, humorous & satire News on cricket, football, tennis, badminton & all other sports & celebrities at India.com.News on sports,gossip on cricket celebrities,satire news on sports,humours News on cricket,sports gossip,gossip on sports celebrities.http://www.india.com/sports/.png'
org.fest.swing.image.ImageException: Unable to save image as 'D:\Automation-20072015\CCAutomation\target\surefire-reports\Smoke Test\com.ccautomation.pagetitle.PageTitleTest.verifyTitle.Sports Page. Latest Stories of Trending Topics on Sports | Humorous & Satire Stories on Sport Celebrities | India.com .Latest & Popular Sports News - Read popular gossip, humorous & satire News on cricket, football, tennis, badminton & all other sports & celebrities at India.com.News on sports,gossip on cricket celebrities,satire news on sports,humours News on cricket,sports gossip,gossip on sports celebrities.http://www.india.com/sports/.png'
	at org.fest.swing.image.ScreenshotTaker.saveImage(ScreenshotTaker.java:184)
	at org.fest.swing.image.ScreenshotTaker.saveDesktopAsPng(ScreenshotTaker.java:82)
	at org.fest.swing.testng.listener.ScreenshotOnFailureListener.takeScreenshotAndReturnFileName(ScreenshotOnFailureListener.java:118)
	at org.fest.swing.testng.listener.ScreenshotOnFailureListener.onTestFailure(ScreenshotOnFailureListener.java:100)
	at org.testng.internal.Invoker.runTestListeners(Invoker.java:1895)
	at org.testng.internal.Invoker.runTestListeners(Invoker.java:1879)
	at org.testng.internal.Invoker.invokeMethod(Invoker.java:778)
	at org.testng.internal.Invoker.invokeTestMethod(Invoker.java:901)
	at org.testng.internal.Invoker.invokeTestMethods(Invoker.java:1231)
	at org.testng.internal.TestMethodWorker.invokeTestMethods(TestMethodWorker.java:127)
	at org.testng.internal.TestMethodWorker.run(TestMethodWorker.java:111)
	at org.testng.TestRunner.privateRun(TestRunner.java:767)
	at org.testng.TestRunner.run(TestRunner.java:617)
	at org.testng.SuiteRunner.runTest(SuiteRunner.java:334)
	at org.testng.SuiteRunner.runSequentially(SuiteRunner.java:329)
	at org.testng.SuiteRunner.privateRun(SuiteRunner.java:291)
	at org.testng.SuiteRunner.run(SuiteRunner.java:240)
	at org.testng.SuiteRunnerWorker.runSuite(SuiteRunnerWorker.java:52)
	at org.testng.SuiteRunnerWorker.run(SuiteRunnerWorker.java:86)
	at org.testng.TestNG.runSuitesSequentially(TestNG.java:1198)
	at org.testng.TestNG.runSuitesLocally(TestNG.java:1123)
	at org.testng.TestNG.run(TestNG.java:1031)
	at org.apache.maven.surefire.testng.TestNGExecutor.run(TestNGExecutor.java:178)
	at org.apache.maven.surefire.testng.TestNGXmlTestSuite.execute(TestNGXmlTestSuite.java:92)
	at org.apache.maven.surefire.testng.TestNGProvider.invoke(TestNGProvider.java:96)
	at sun.reflect.NativeMethodAccessorImpl.invoke0(Native Method)
	at sun.reflect.NativeMethodAccessorImpl.invoke(Unknown Source)
	at sun.reflect.DelegatingMethodAccessorImpl.invoke(Unknown Source)
	at java.lang.reflect.Method.invoke(Unknown Source)
	at org.apache.maven.surefire.util.ReflectionUtils.invokeMethodWithArray2(ReflectionUtils.java:208)
	at org.apache.maven.surefire.booter.ProviderFactory$ProviderProxy.invoke(ProviderFactory.java:159)
	at org.apache.maven.surefire.booter.ProviderFactory.invokeProvider(ProviderFactory.java:87)
	at org.apache.maven.surefire.booter.ForkedBooter.runSuitesInProcess(ForkedBooter.java:153)
	at org.apache.maven.surefire.booter.ForkedBooter.main(ForkedBooter.java:95)
Caused by: org.fest.util.FilesException: Unable to create the new file 'D:\Automation-20072015\CCAutomation\target\surefire-reports\Smoke Test\com.ccautomation.pagetitle.PageTitleTest.verifyTitle.Sports Page. Latest Stories of Trending Topics on Sports | Humorous & Satire Stories on Sport Celebrities | India.com .Latest & Popular Sports News - Read popular gossip, humorous & satire News on cricket, football, tennis, badminton & all other sports & celebrities at India.com.News on sports,gossip on cricket celebrities,satire news on sports,humours News on cricket,sports gossip,gossip on sports celebrities.http://www.india.com/sports/.png'
	at org.fest.util.Files.cannotCreateNewFile(Files.java:168)
	at org.fest.util.Files.cannotCreateNewFile(Files.java:162)
	at org.fest.util.Files.newFile(Files.java:132)
	at org.fest.swing.image.ImageFileWriter.writeAsPng(ImageFileWriter.java:41)
	at org.fest.swing.image.ScreenshotTaker.saveImage(ScreenshotTaker.java:182)
	... 33 more
Caused by: java.io.IOException: The filename, directory name, or volume label syntax is incorrect
	at java.io.WinNTFileSystem.createFileExclusively(Native Method)
	at java.io.File.createNewFile(Unknown Source)
	at org.fest.util.Files.newFile(Files.java:130)
	... 35 more

]]></system-err>
  </testcase>
  <testcase name="verifyTitle" classname="com.ccautomation.pagetitle.PageTitleTest" time="30.509"/>
  <testcase name="verifyTitle" classname="com.ccautomation.pagetitle.PageTitleTest" time="30.462"/>
  <testcase name="verifyTitle" classname="com.ccautomation.pagetitle.PageTitleTest" time="30.49"/>
  <testcase name="verifyTitle" classname="com.ccautomation.pagetitle.PageTitleTest" time="31.405"/>
  <testcase name="verifyTitle" classname="com.ccautomation.pagetitle.PageTitleTest" time="38.234"/>
  <testcase name="verifyTitle" classname="com.ccautomation.pagetitle.PageTitleTest" time="31.308"/>
  <testcase name="verifyTitle" classname="com.ccautomation.pagetitle.PageTitleTest" time="30.898"/>
  <testcase name="verifyTitle" classname="com.ccautomation.pagetitle.PageTitleTest" time="31.586"/>
  <testcase name="verifyTitle" classname="com.ccautomation.pagetitle.PageTitleTest" time="31.122">
    <failure message="expected [Delhi: Latest News &amp; Updates | Get Breaking News Headlines &amp; Exclusive Stories on Delhi at India.com] but found [Latest News on Indian Cities | Get Breaking News &amp; Exclusive Stories of Indian Cities at India.com]" type="java.lang.AssertionError"><![CDATA[java.lang.AssertionError: expected [Delhi: Latest News & Updates | Get Breaking News Headlines & Exclusive Stories on Delhi at India.com] but found [Latest News on Indian Cities | Get Breaking News & Exclusive Stories of Indian Cities at India.com]
	at org.testng.Assert.fail(Assert.java:94)
	at org.testng.Assert.failNotEquals(Assert.java:494)
	at org.testng.Assert.assertEquals(Assert.java:123)
	at org.testng.Assert.assertEquals(Assert.java:176)
	at org.testng.Assert.assertEquals(Assert.java:186)
	at com.ccautomation.pagetitle.PageTitleTest.verifyTitle(PageTitleTest.java:54)
]]></failure>
    <system-err><![CDATA[Jul 27, 2015 3:50:28 PM org.fest.swing.testng.listener.ScreenshotOnFailureListener takeScreenshotAndReturnFileName
SEVERE: Unable to save image as 'D:\Automation-20072015\CCAutomation\target\surefire-reports\Smoke Test\com.ccautomation.pagetitle.PageTitleTest.verifyTitle.Delhi Page.Delhi: Latest News & Updates | Get Breaking News Headlines & Exclusive Stories on Delhi at India.com.Delhi: Latest News & Updates - Get latest & breaking news headlines, stories & articles on Delhi including current affairs, politics, business, entertainment, bollywood, sports & more online at India.com.Delhi news,latest Delhi news,Delhi updates,Delhi current affairs,politics news,Delhi breaking news,Delhi headlines,business news,entertainment news,sports news.http://www.india.com/news/cities/.png'
org.fest.swing.image.ImageException: Unable to save image as 'D:\Automation-20072015\CCAutomation\target\surefire-reports\Smoke Test\com.ccautomation.pagetitle.PageTitleTest.verifyTitle.Delhi Page.Delhi: Latest News & Updates | Get Breaking News Headlines & Exclusive Stories on Delhi at India.com.Delhi: Latest News & Updates - Get latest & breaking news headlines, stories & articles on Delhi including current affairs, politics, business, entertainment, bollywood, sports & more online at India.com.Delhi news,latest Delhi news,Delhi updates,Delhi current affairs,politics news,Delhi breaking news,Delhi headlines,business news,entertainment news,sports news.http://www.india.com/news/cities/.png'
	at org.fest.swing.image.ScreenshotTaker.saveImage(ScreenshotTaker.java:184)
	at org.fest.swing.image.ScreenshotTaker.saveDesktopAsPng(ScreenshotTaker.java:82)
	at org.fest.swing.testng.listener.ScreenshotOnFailureListener.takeScreenshotAndReturnFileName(ScreenshotOnFailureListener.java:118)
	at org.fest.swing.testng.listener.ScreenshotOnFailureListener.onTestFailure(ScreenshotOnFailureListener.java:100)
	at org.testng.internal.Invoker.runTestListeners(Invoker.java:1895)
	at org.testng.internal.Invoker.runTestListeners(Invoker.java:1879)
	at org.testng.internal.Invoker.invokeMethod(Invoker.java:778)
	at org.testng.internal.Invoker.invokeTestMethod(Invoker.java:901)
	at org.testng.internal.Invoker.invokeTestMethods(Invoker.java:1231)
	at org.testng.internal.TestMethodWorker.invokeTestMethods(TestMethodWorker.java:127)
	at org.testng.internal.TestMethodWorker.run(TestMethodWorker.java:111)
	at org.testng.TestRunner.privateRun(TestRunner.java:767)
	at org.testng.TestRunner.run(TestRunner.java:617)
	at org.testng.SuiteRunner.runTest(SuiteRunner.java:334)
	at org.testng.SuiteRunner.runSequentially(SuiteRunner.java:329)
	at org.testng.SuiteRunner.privateRun(SuiteRunner.java:291)
	at org.testng.SuiteRunner.run(SuiteRunner.java:240)
	at org.testng.SuiteRunnerWorker.runSuite(SuiteRunnerWorker.java:52)
	at org.testng.SuiteRunnerWorker.run(SuiteRunnerWorker.java:86)
	at org.testng.TestNG.runSuitesSequentially(TestNG.java:1198)
	at org.testng.TestNG.runSuitesLocally(TestNG.java:1123)
	at org.testng.TestNG.run(TestNG.java:1031)
	at org.apache.maven.surefire.testng.TestNGExecutor.run(TestNGExecutor.java:178)
	at org.apache.maven.surefire.testng.TestNGXmlTestSuite.execute(TestNGXmlTestSuite.java:92)
	at org.apache.maven.surefire.testng.TestNGProvider.invoke(TestNGProvider.java:96)
	at sun.reflect.NativeMethodAccessorImpl.invoke0(Native Method)
	at sun.reflect.NativeMethodAccessorImpl.invoke(Unknown Source)
	at sun.reflect.DelegatingMethodAccessorImpl.invoke(Unknown Source)
	at java.lang.reflect.Method.invoke(Unknown Source)
	at org.apache.maven.surefire.util.ReflectionUtils.invokeMethodWithArray2(ReflectionUtils.java:208)
	at org.apache.maven.surefire.booter.ProviderFactory$ProviderProxy.invoke(ProviderFactory.java:159)
	at org.apache.maven.surefire.booter.ProviderFactory.invokeProvider(ProviderFactory.java:87)
	at org.apache.maven.surefire.booter.ForkedBooter.runSuitesInProcess(ForkedBooter.java:153)
	at org.apache.maven.surefire.booter.ForkedBooter.main(ForkedBooter.java:95)
Caused by: org.fest.util.FilesException: Unable to create the new file 'D:\Automation-20072015\CCAutomation\target\surefire-reports\Smoke Test\com.ccautomation.pagetitle.PageTitleTest.verifyTitle.Delhi Page.Delhi: Latest News & Updates | Get Breaking News Headlines & Exclusive Stories on Delhi at India.com.Delhi: Latest News & Updates - Get latest & breaking news headlines, stories & articles on Delhi including current affairs, politics, business, entertainment, bollywood, sports & more online at India.com.Delhi news,latest Delhi news,Delhi updates,Delhi current affairs,politics news,Delhi breaking news,Delhi headlines,business news,entertainment news,sports news.http://www.india.com/news/cities/.png'
	at org.fest.util.Files.cannotCreateNewFile(Files.java:168)
	at org.fest.util.Files.cannotCreateNewFile(Files.java:162)
	at org.fest.util.Files.newFile(Files.java:132)
	at org.fest.swing.image.ImageFileWriter.writeAsPng(ImageFileWriter.java:41)
	at org.fest.swing.image.ScreenshotTaker.saveImage(ScreenshotTaker.java:182)
	... 33 more
Caused by: java.io.IOException: The filename, directory name, or volume label syntax is incorrect
	at java.io.WinNTFileSystem.createFileExclusively(Native Method)
	at java.io.File.createNewFile(Unknown Source)
	at org.fest.util.Files.newFile(Files.java:130)
	... 35 more

]]></system-err>
  </testcase>
  <testcase name="verifyTitle" classname="com.ccautomation.pagetitle.PageTitleTest" time="30.954"/>
  <testcase name="verifyTitle" classname="com.ccautomation.pagetitle.PageTitleTest" time="30.93"/>
  <testcase name="verifyTitle" classname="com.ccautomation.pagetitle.PageTitleTest" time="31.239"/>
  <testcase name="verifyTitle" classname="com.ccautomation.pagetitle.PageTitleTest" time="31.482"/>
</testsuite>