<?xml version="1.0" encoding="UTF-8"?>
<testsuite name="TestSuite" time="157.041" tests="9" errors="0" skipped="0" failures="4">
  <properties>
[...]
</properties>
  <testcase name="verifyTitle" classname="com.ccautomation.pagetitle.PageTitleTest" time="33.399"/>
  <testcase name="verifyTitle" classname="com.ccautomation.pagetitle.PageTitleTest" time="30.958"/>
  <testcase name="verifyTitle" classname="com.ccautomation.pagetitle.PageTitleTest" time="30.975"/>
  <testcase name="verifyTitle" classname="com.ccautomation.pagetitle.PageTitleTest" time="30.53"/>
  <testcase name="verifyTitle" classname="com.ccautomation.pagetitle.PageTitleTest" time="30.611"/>
  <testcase name="verifyTitle" classname="com.ccautomation.pagetitle.PageTitleTest" time="0.429">
    <failure message="unknown error: unhandled inspector error: {&quot;code&quot;:-32603,&quot;message&quot;:&quot;Cannot navigate to invalid URL&quot;}&#10;  (Session info: chrome=43.0.2357.134)&#10;  (Driver info: chromedriver=2.16.333243 (0bfa1d3575fc1044244f21ddb82bf870944ef961),platform=Windows NT 6.1 SP1 x86_64) (WARNING: The server did not provide any stacktrace information)&#10;Command duration or timeout: 2 milliseconds&#10;Build info: version: &apos;2.44.0&apos;, revision: &apos;76d78cf323ce037c5f92db6c1bba601c2ac43ad8&apos;, time: &apos;2014-10-23 13:11:40&apos;&#10;System info: host: &apos;IT-TEST&apos;, ip: &apos;192.168.7.57&apos;, os.name: &apos;Windows 7&apos;, os.arch: &apos;x86&apos;, os.version: &apos;6.1&apos;, java.version: &apos;1.7.0_79&apos;&#10;Session ID: d329fe173080c21dd97da9711da80252&#10;Driver info: org.openqa.selenium.chrome.ChromeDriver&#10;Capabilities [{platform=XP, acceptSslCerts=true, javascriptEnabled=true, browserName=chrome, chrome={userDataDir=C:\Users\MANISH~1.JAD\AppData\Local\Temp\scoped_dir9000_4170}, rotatable=false, locationContextEnabled=true, mobileEmulationEnabled=false, version=43.0.2357.134, takesHeapSnapshot=true, cssSelectorsEnabled=true, databaseEnabled=false, handlesAlerts=true, browserConnectionEnabled=false, webStorageEnabled=true, nativeEvents=true, hasTouchScreen=false, applicationCacheEnabled=false, takesScreenshot=true}]" type="org.openqa.selenium.WebDriverException">org.openqa.selenium.WebDriverException: unknown error: unhandled inspector error: {"code":-32603,"message":"Cannot navigate to invalid URL"}
  (Session info: chrome=43.0.2357.134)
  (Driver info: chromedriver=2.16.333243 (0bfa1d3575fc1044244f21ddb82bf870944ef961),platform=Windows NT 6.1 SP1 x86_64) (WARNING: The server did not provide any stacktrace information)
Command duration or timeout: 2 milliseconds
Build info: version: '2.44.0', revision: '76d78cf323ce037c5f92db6c1bba601c2ac43ad8', time: '2014-10-23 13:11:40'
System info: host: 'IT-TEST', ip: '192.168.7.57', os.name: 'Windows 7', os.arch: 'x86', os.version: '6.1', java.version: '1.7.0_79'
Session ID: d329fe173080c21dd97da9711da80252
Driver info: org.openqa.selenium.chrome.ChromeDriver
Capabilities [{platform=XP, acceptSslCerts=true, javascriptEnabled=true, browserName=chrome, chrome={userDataDir=C:\Users\MANISH~1.JAD\AppData\Local\Temp\scoped_dir9000_4170}, rotatable=false, locationContextEnabled=true, mobileEmulationEnabled=false, version=43.0.2357.134, takesHeapSnapshot=true, cssSelectorsEnabled=true, databaseEnabled=false, handlesAlerts=true, browserConnectionEnabled=false, webStorageEnabled=true, nativeEvents=true, hasTouchScreen=false, applicationCacheEnabled=false, takesScreenshot=true}]
	at sun.reflect.NativeConstructorAccessorImpl.newInstance0(Native Method)
	at sun.reflect.NativeConstructorAccessorImpl.newInstance(Unknown Source)
	at sun.reflect.DelegatingConstructorAccessorImpl.newInstance(Unknown Source)
	at java.lang.reflect.Constructor.newInstance(Unknown Source)
	at org.openqa.selenium.remote.ErrorHandler.createThrowable(ErrorHandler.java:204)
	at org.openqa.selenium.remote.ErrorHandler.throwIfResponseFailed(ErrorHandler.java:156)
	at org.openqa.selenium.remote.RemoteWebDriver.execute(RemoteWebDriver.java:599)
	at org.openqa.selenium.remote.RemoteWebDriver.get(RemoteWebDriver.java:304)
	at com.ccautomation.utils.WebUtils.navigateToUrl(WebUtils.java:56)
	at com.ccautomation.pagetitle.PageTitleTest.verifyTitle(PageTitleTest.java:45)
</failure>
    <system-err>Jul 24, 2015 12:21:37 PM org.fest.swing.testng.listener.ScreenshotOnFailureListener onTestFailure
INFO: Screenshot of desktop saved as: 'com.ccautomation.pagetitle.PageTitleTest.verifyTitle......png'
</system-err>
  </testcase>
  <testcase name="verifyTitle" classname="com.ccautomation.pagetitle.PageTitleTest" time="0.038">
    <failure message="unknown error: unhandled inspector error: {&quot;code&quot;:-32603,&quot;message&quot;:&quot;Cannot navigate to invalid URL&quot;}&#10;  (Session info: chrome=43.0.2357.134)&#10;  (Driver info: chromedriver=2.16.333243 (0bfa1d3575fc1044244f21ddb82bf870944ef961),platform=Windows NT 6.1 SP1 x86_64) (WARNING: The server did not provide any stacktrace information)&#10;Command duration or timeout: 3 milliseconds&#10;Build info: version: &apos;2.44.0&apos;, revision: &apos;76d78cf323ce037c5f92db6c1bba601c2ac43ad8&apos;, time: &apos;2014-10-23 13:11:40&apos;&#10;System info: host: &apos;IT-TEST&apos;, ip: &apos;192.168.7.57&apos;, os.name: &apos;Windows 7&apos;, os.arch: &apos;x86&apos;, os.version: &apos;6.1&apos;, java.version: &apos;1.7.0_79&apos;&#10;Session ID: d329fe173080c21dd97da9711da80252&#10;Driver info: org.openqa.selenium.chrome.ChromeDriver&#10;Capabilities [{platform=XP, acceptSslCerts=true, javascriptEnabled=true, browserName=chrome, chrome={userDataDir=C:\Users\MANISH~1.JAD\AppData\Local\Temp\scoped_dir9000_4170}, rotatable=false, locationContextEnabled=true, mobileEmulationEnabled=false, version=43.0.2357.134, takesHeapSnapshot=true, cssSelectorsEnabled=true, databaseEnabled=false, handlesAlerts=true, browserConnectionEnabled=false, webStorageEnabled=true, nativeEvents=true, hasTouchScreen=false, applicationCacheEnabled=false, takesScreenshot=true}]" type="org.openqa.selenium.WebDriverException">org.openqa.selenium.WebDriverException: unknown error: unhandled inspector error: {"code":-32603,"message":"Cannot navigate to invalid URL"}
  (Session info: chrome=43.0.2357.134)
  (Driver info: chromedriver=2.16.333243 (0bfa1d3575fc1044244f21ddb82bf870944ef961),platform=Windows NT 6.1 SP1 x86_64) (WARNING: The server did not provide any stacktrace information)
Command duration or timeout: 3 milliseconds
Build info: version: '2.44.0', revision: '76d78cf323ce037c5f92db6c1bba601c2ac43ad8', time: '2014-10-23 13:11:40'
System info: host: 'IT-TEST', ip: '192.168.7.57', os.name: 'Windows 7', os.arch: 'x86', os.version: '6.1', java.version: '1.7.0_79'
Session ID: d329fe173080c21dd97da9711da80252
Driver info: org.openqa.selenium.chrome.ChromeDriver
Capabilities [{platform=XP, acceptSslCerts=true, javascriptEnabled=true, browserName=chrome, chrome={userDataDir=C:\Users\MANISH~1.JAD\AppData\Local\Temp\scoped_dir9000_4170}, rotatable=false, locationContextEnabled=true, mobileEmulationEnabled=false, version=43.0.2357.134, takesHeapSnapshot=true, cssSelectorsEnabled=true, databaseEnabled=false, handlesAlerts=true, browserConnectionEnabled=false, webStorageEnabled=true, nativeEvents=true, hasTouchScreen=false, applicationCacheEnabled=false, takesScreenshot=true}]
	at sun.reflect.NativeConstructorAccessorImpl.newInstance0(Native Method)
	at sun.reflect.NativeConstructorAccessorImpl.newInstance(Unknown Source)
	at sun.reflect.DelegatingConstructorAccessorImpl.newInstance(Unknown Source)
	at java.lang.reflect.Constructor.newInstance(Unknown Source)
	at org.openqa.selenium.remote.ErrorHandler.createThrowable(ErrorHandler.java:204)
	at org.openqa.selenium.remote.ErrorHandler.throwIfResponseFailed(ErrorHandler.java:156)
	at org.openqa.selenium.remote.RemoteWebDriver.execute(RemoteWebDriver.java:599)
	at org.openqa.selenium.remote.RemoteWebDriver.get(RemoteWebDriver.java:304)
	at com.ccautomation.utils.WebUtils.navigateToUrl(WebUtils.java:56)
	at com.ccautomation.pagetitle.PageTitleTest.verifyTitle(PageTitleTest.java:45)
</failure>
    <system-err>Jul 24, 2015 12:21:37 PM org.fest.swing.testng.listener.ScreenshotOnFailureListener takeScreenshotAndReturnFileName
SEVERE: Unable to save image as 'D:\Automation-20072015\CCAutomation\target\surefire-reports\Smoke Test\com.ccautomation.pagetitle.PageTitleTest.verifyTitle......png'
org.fest.swing.image.ImageException: Unable to save image as 'D:\Automation-20072015\CCAutomation\target\surefire-reports\Smoke Test\com.ccautomation.pagetitle.PageTitleTest.verifyTitle......png'
	at org.fest.swing.image.ScreenshotTaker.saveImage(ScreenshotTaker.java:184)
	at org.fest.swing.image.ScreenshotTaker.saveDesktopAsPng(ScreenshotTaker.java:82)
	at org.fest.swing.testng.listener.ScreenshotOnFailureListener.takeScreenshotAndReturnFileName(ScreenshotOnFailureListener.java:118)
	at org.fest.swing.testng.listener.ScreenshotOnFailureListener.onTestFailure(ScreenshotOnFailureListener.java:100)
	at org.testng.internal.Invoker.runTestListeners(Invoker.java:1895)
	at org.testng.internal.Invoker.runTestListeners(Invoker.java:1879)
	at org.testng.internal.Invoker.invokeMethod(Invoker.java:778)
	at org.testng.internal.Invoker.invokeTestMethod(Invoker.java:901)
	at org.testng.internal.Invoker.invokeTestMethods(Invoker.java:1231)
	at org.testng.internal.TestMethodWorker.invokeTestMethods(TestMethodWorker.java:127)
	at org.testng.internal.TestMethodWorker.run(TestMethodWorker.java:111)
	at org.testng.TestRunner.privateRun(TestRunner.java:767)
	at org.testng.TestRunner.run(TestRunner.java:617)
	at org.testng.SuiteRunner.runTest(SuiteRunner.java:334)
	at org.testng.SuiteRunner.runSequentially(SuiteRunner.java:329)
	at org.testng.SuiteRunner.privateRun(SuiteRunner.java:291)
	at org.testng.SuiteRunner.run(SuiteRunner.java:240)
	at org.testng.SuiteRunnerWorker.runSuite(SuiteRunnerWorker.java:52)
	at org.testng.SuiteRunnerWorker.run(SuiteRunnerWorker.java:86)
	at org.testng.TestNG.runSuitesSequentially(TestNG.java:1198)
	at org.testng.TestNG.runSuitesLocally(TestNG.java:1123)
	at org.testng.TestNG.run(TestNG.java:1031)
	at org.apache.maven.surefire.testng.TestNGExecutor.run(TestNGExecutor.java:178)
	at org.apache.maven.surefire.testng.TestNGXmlTestSuite.execute(TestNGXmlTestSuite.java:92)
	at org.apache.maven.surefire.testng.TestNGProvider.invoke(TestNGProvider.java:96)
	at sun.reflect.NativeMethodAccessorImpl.invoke0(Native Method)
	at sun.reflect.NativeMethodAccessorImpl.invoke(Unknown Source)
	at sun.reflect.DelegatingMethodAccessorImpl.invoke(Unknown Source)
	at java.lang.reflect.Method.invoke(Unknown Source)
	at org.apache.maven.surefire.util.ReflectionUtils.invokeMethodWithArray2(ReflectionUtils.java:208)
	at org.apache.maven.surefire.booter.ProviderFactory$ProviderProxy.invoke(ProviderFactory.java:159)
	at org.apache.maven.surefire.booter.ProviderFactory.invokeProvider(ProviderFactory.java:87)
	at org.apache.maven.surefire.booter.ForkedBooter.runSuitesInProcess(ForkedBooter.java:153)
	at org.apache.maven.surefire.booter.ForkedBooter.main(ForkedBooter.java:95)
Caused by: org.fest.util.FilesException: Unable to create the new file 'D:\Automation-20072015\CCAutomation\target\surefire-reports\Smoke Test\com.ccautomation.pagetitle.PageTitleTest.verifyTitle......png': a file was found with the same path
	at org.fest.util.Files.cannotCreateNewFile(Files.java:169)
	at org.fest.util.Files.cannotCreateNewFile(Files.java:158)
	at org.fest.util.Files.newFile(Files.java:130)
	at org.fest.swing.image.ImageFileWriter.writeAsPng(ImageFileWriter.java:41)
	at org.fest.swing.image.ScreenshotTaker.saveImage(ScreenshotTaker.java:182)
	... 33 more

</system-err>
  </testcase>
  <testcase name="verifyTitle" classname="com.ccautomation.pagetitle.PageTitleTest" time="0.051">
    <failure message="unknown error: unhandled inspector error: {&quot;code&quot;:-32603,&quot;message&quot;:&quot;Cannot navigate to invalid URL&quot;}&#10;  (Session info: chrome=43.0.2357.134)&#10;  (Driver info: chromedriver=2.16.333243 (0bfa1d3575fc1044244f21ddb82bf870944ef961),platform=Windows NT 6.1 SP1 x86_64) (WARNING: The server did not provide any stacktrace information)&#10;Command duration or timeout: 3 milliseconds&#10;Build info: version: &apos;2.44.0&apos;, revision: &apos;76d78cf323ce037c5f92db6c1bba601c2ac43ad8&apos;, time: &apos;2014-10-23 13:11:40&apos;&#10;System info: host: &apos;IT-TEST&apos;, ip: &apos;192.168.7.57&apos;, os.name: &apos;Windows 7&apos;, os.arch: &apos;x86&apos;, os.version: &apos;6.1&apos;, java.version: &apos;1.7.0_79&apos;&#10;Session ID: d329fe173080c21dd97da9711da80252&#10;Driver info: org.openqa.selenium.chrome.ChromeDriver&#10;Capabilities [{platform=XP, acceptSslCerts=true, javascriptEnabled=true, browserName=chrome, chrome={userDataDir=C:\Users\MANISH~1.JAD\AppData\Local\Temp\scoped_dir9000_4170}, rotatable=false, locationContextEnabled=true, mobileEmulationEnabled=false, version=43.0.2357.134, takesHeapSnapshot=true, cssSelectorsEnabled=true, databaseEnabled=false, handlesAlerts=true, browserConnectionEnabled=false, webStorageEnabled=true, nativeEvents=true, hasTouchScreen=false, applicationCacheEnabled=false, takesScreenshot=true}]" type="org.openqa.selenium.WebDriverException">org.openqa.selenium.WebDriverException: unknown error: unhandled inspector error: {"code":-32603,"message":"Cannot navigate to invalid URL"}
  (Session info: chrome=43.0.2357.134)
  (Driver info: chromedriver=2.16.333243 (0bfa1d3575fc1044244f21ddb82bf870944ef961),platform=Windows NT 6.1 SP1 x86_64) (WARNING: The server did not provide any stacktrace information)
Command duration or timeout: 3 milliseconds
Build info: version: '2.44.0', revision: '76d78cf323ce037c5f92db6c1bba601c2ac43ad8', time: '2014-10-23 13:11:40'
System info: host: 'IT-TEST', ip: '192.168.7.57', os.name: 'Windows 7', os.arch: 'x86', os.version: '6.1', java.version: '1.7.0_79'
Session ID: d329fe173080c21dd97da9711da80252
Driver info: org.openqa.selenium.chrome.ChromeDriver
Capabilities [{platform=XP, acceptSslCerts=true, javascriptEnabled=true, browserName=chrome, chrome={userDataDir=C:\Users\MANISH~1.JAD\AppData\Local\Temp\scoped_dir9000_4170}, rotatable=false, locationContextEnabled=true, mobileEmulationEnabled=false, version=43.0.2357.134, takesHeapSnapshot=true, cssSelectorsEnabled=true, databaseEnabled=false, handlesAlerts=true, browserConnectionEnabled=false, webStorageEnabled=true, nativeEvents=true, hasTouchScreen=false, applicationCacheEnabled=false, takesScreenshot=true}]
	at sun.reflect.NativeConstructorAccessorImpl.newInstance0(Native Method)
	at sun.reflect.NativeConstructorAccessorImpl.newInstance(Unknown Source)
	at sun.reflect.DelegatingConstructorAccessorImpl.newInstance(Unknown Source)
	at java.lang.reflect.Constructor.newInstance(Unknown Source)
	at org.openqa.selenium.remote.ErrorHandler.createThrowable(ErrorHandler.java:204)
	at org.openqa.selenium.remote.ErrorHandler.throwIfResponseFailed(ErrorHandler.java:156)
	at org.openqa.selenium.remote.RemoteWebDriver.execute(RemoteWebDriver.java:599)
	at org.openqa.selenium.remote.RemoteWebDriver.get(RemoteWebDriver.java:304)
	at com.ccautomation.utils.WebUtils.navigateToUrl(WebUtils.java:56)
	at com.ccautomation.pagetitle.PageTitleTest.verifyTitle(PageTitleTest.java:45)
</failure>
    <system-err>Jul 24, 2015 12:21:37 PM org.fest.swing.testng.listener.ScreenshotOnFailureListener takeScreenshotAndReturnFileName
SEVERE: Unable to save image as 'D:\Automation-20072015\CCAutomation\target\surefire-reports\Smoke Test\com.ccautomation.pagetitle.PageTitleTest.verifyTitle......png'
org.fest.swing.image.ImageException: Unable to save image as 'D:\Automation-20072015\CCAutomation\target\surefire-reports\Smoke Test\com.ccautomation.pagetitle.PageTitleTest.verifyTitle......png'
	at org.fest.swing.image.ScreenshotTaker.saveImage(ScreenshotTaker.java:184)
	at org.fest.swing.image.ScreenshotTaker.saveDesktopAsPng(ScreenshotTaker.java:82)
	at org.fest.swing.testng.listener.ScreenshotOnFailureListener.takeScreenshotAndReturnFileName(ScreenshotOnFailureListener.java:118)
	at org.fest.swing.testng.listener.ScreenshotOnFailureListener.onTestFailure(ScreenshotOnFailureListener.java:100)
	at org.testng.internal.Invoker.runTestListeners(Invoker.java:1895)
	at org.testng.internal.Invoker.runTestListeners(Invoker.java:1879)
	at org.testng.internal.Invoker.invokeMethod(Invoker.java:778)
	at org.testng.internal.Invoker.invokeTestMethod(Invoker.java:901)
	at org.testng.internal.Invoker.invokeTestMethods(Invoker.java:1231)
	at org.testng.internal.TestMethodWorker.invokeTestMethods(TestMethodWorker.java:127)
	at org.testng.internal.TestMethodWorker.run(TestMethodWorker.java:111)
	at org.testng.TestRunner.privateRun(TestRunner.java:767)
	at org.testng.TestRunner.run(TestRunner.java:617)
	at org.testng.SuiteRunner.runTest(SuiteRunner.java:334)
	at org.testng.SuiteRunner.runSequentially(SuiteRunner.java:329)
	at org.testng.SuiteRunner.privateRun(SuiteRunner.java:291)
	at org.testng.SuiteRunner.run(SuiteRunner.java:240)
	at org.testng.SuiteRunnerWorker.runSuite(SuiteRunnerWorker.java:52)
	at org.testng.SuiteRunnerWorker.run(SuiteRunnerWorker.java:86)
	at org.testng.TestNG.runSuitesSequentially(TestNG.java:1198)
	at org.testng.TestNG.runSuitesLocally(TestNG.java:1123)
	at org.testng.TestNG.run(TestNG.java:1031)
	at org.apache.maven.surefire.testng.TestNGExecutor.run(TestNGExecutor.java:178)
	at org.apache.maven.surefire.testng.TestNGXmlTestSuite.execute(TestNGXmlTestSuite.java:92)
	at org.apache.maven.surefire.testng.TestNGProvider.invoke(TestNGProvider.java:96)
	at sun.reflect.NativeMethodAccessorImpl.invoke0(Native Method)
	at sun.reflect.NativeMethodAccessorImpl.invoke(Unknown Source)
	at sun.reflect.DelegatingMethodAccessorImpl.invoke(Unknown Source)
	at java.lang.reflect.Method.invoke(Unknown Source)
	at org.apache.maven.surefire.util.ReflectionUtils.invokeMethodWithArray2(ReflectionUtils.java:208)
	at org.apache.maven.surefire.booter.ProviderFactory$ProviderProxy.invoke(ProviderFactory.java:159)
	at org.apache.maven.surefire.booter.ProviderFactory.invokeProvider(ProviderFactory.java:87)
	at org.apache.maven.surefire.booter.ForkedBooter.runSuitesInProcess(ForkedBooter.java:153)
	at org.apache.maven.surefire.booter.ForkedBooter.main(ForkedBooter.java:95)
Caused by: org.fest.util.FilesException: Unable to create the new file 'D:\Automation-20072015\CCAutomation\target\surefire-reports\Smoke Test\com.ccautomation.pagetitle.PageTitleTest.verifyTitle......png': a file was found with the same path
	at org.fest.util.Files.cannotCreateNewFile(Files.java:169)
	at org.fest.util.Files.cannotCreateNewFile(Files.java:158)
	at org.fest.util.Files.newFile(Files.java:130)
	at org.fest.swing.image.ImageFileWriter.writeAsPng(ImageFileWriter.java:41)
	at org.fest.swing.image.ScreenshotTaker.saveImage(ScreenshotTaker.java:182)
	... 33 more

</system-err>
  </testcase>
  <testcase name="verifyTitle" classname="com.ccautomation.pagetitle.PageTitleTest" time="0.05">
    <failure message="unknown error: unhandled inspector error: {&quot;code&quot;:-32603,&quot;message&quot;:&quot;Cannot navigate to invalid URL&quot;}&#10;  (Session info: chrome=43.0.2357.134)&#10;  (Driver info: chromedriver=2.16.333243 (0bfa1d3575fc1044244f21ddb82bf870944ef961),platform=Windows NT 6.1 SP1 x86_64) (WARNING: The server did not provide any stacktrace information)&#10;Command duration or timeout: 4 milliseconds&#10;Build info: version: &apos;2.44.0&apos;, revision: &apos;76d78cf323ce037c5f92db6c1bba601c2ac43ad8&apos;, time: &apos;2014-10-23 13:11:40&apos;&#10;System info: host: &apos;IT-TEST&apos;, ip: &apos;192.168.7.57&apos;, os.name: &apos;Windows 7&apos;, os.arch: &apos;x86&apos;, os.version: &apos;6.1&apos;, java.version: &apos;1.7.0_79&apos;&#10;Session ID: d329fe173080c21dd97da9711da80252&#10;Driver info: org.openqa.selenium.chrome.ChromeDriver&#10;Capabilities [{platform=XP, acceptSslCerts=true, javascriptEnabled=true, browserName=chrome, chrome={userDataDir=C:\Users\MANISH~1.JAD\AppData\Local\Temp\scoped_dir9000_4170}, rotatable=false, locationContextEnabled=true, mobileEmulationEnabled=false, version=43.0.2357.134, takesHeapSnapshot=true, cssSelectorsEnabled=true, databaseEnabled=false, handlesAlerts=true, browserConnectionEnabled=false, webStorageEnabled=true, nativeEvents=true, hasTouchScreen=false, applicationCacheEnabled=false, takesScreenshot=true}]" type="org.openqa.selenium.WebDriverException">org.openqa.selenium.WebDriverException: unknown error: unhandled inspector error: {"code":-32603,"message":"Cannot navigate to invalid URL"}
  (Session info: chrome=43.0.2357.134)
  (Driver info: chromedriver=2.16.333243 (0bfa1d3575fc1044244f21ddb82bf870944ef961),platform=Windows NT 6.1 SP1 x86_64) (WARNING: The server did not provide any stacktrace information)
Command duration or timeout: 4 milliseconds
Build info: version: '2.44.0', revision: '76d78cf323ce037c5f92db6c1bba601c2ac43ad8', time: '2014-10-23 13:11:40'
System info: host: 'IT-TEST', ip: '192.168.7.57', os.name: 'Windows 7', os.arch: 'x86', os.version: '6.1', java.version: '1.7.0_79'
Session ID: d329fe173080c21dd97da9711da80252
Driver info: org.openqa.selenium.chrome.ChromeDriver
Capabilities [{platform=XP, acceptSslCerts=true, javascriptEnabled=true, browserName=chrome, chrome={userDataDir=C:\Users\MANISH~1.JAD\AppData\Local\Temp\scoped_dir9000_4170}, rotatable=false, locationContextEnabled=true, mobileEmulationEnabled=false, version=43.0.2357.134, takesHeapSnapshot=true, cssSelectorsEnabled=true, databaseEnabled=false, handlesAlerts=true, browserConnectionEnabled=false, webStorageEnabled=true, nativeEvents=true, hasTouchScreen=false, applicationCacheEnabled=false, takesScreenshot=true}]
	at sun.reflect.NativeConstructorAccessorImpl.newInstance0(Native Method)
	at sun.reflect.NativeConstructorAccessorImpl.newInstance(Unknown Source)
	at sun.reflect.DelegatingConstructorAccessorImpl.newInstance(Unknown Source)
	at java.lang.reflect.Constructor.newInstance(Unknown Source)
	at org.openqa.selenium.remote.ErrorHandler.createThrowable(ErrorHandler.java:204)
	at org.openqa.selenium.remote.ErrorHandler.throwIfResponseFailed(ErrorHandler.java:156)
	at org.openqa.selenium.remote.RemoteWebDriver.execute(RemoteWebDriver.java:599)
	at org.openqa.selenium.remote.RemoteWebDriver.get(RemoteWebDriver.java:304)
	at com.ccautomation.utils.WebUtils.navigateToUrl(WebUtils.java:56)
	at com.ccautomation.pagetitle.PageTitleTest.verifyTitle(PageTitleTest.java:45)
</failure>
    <system-err>Jul 24, 2015 12:21:38 PM org.fest.swing.testng.listener.ScreenshotOnFailureListener takeScreenshotAndReturnFileName
SEVERE: Unable to save image as 'D:\Automation-20072015\CCAutomation\target\surefire-reports\Smoke Test\com.ccautomation.pagetitle.PageTitleTest.verifyTitle......png'
org.fest.swing.image.ImageException: Unable to save image as 'D:\Automation-20072015\CCAutomation\target\surefire-reports\Smoke Test\com.ccautomation.pagetitle.PageTitleTest.verifyTitle......png'
	at org.fest.swing.image.ScreenshotTaker.saveImage(ScreenshotTaker.java:184)
	at org.fest.swing.image.ScreenshotTaker.saveDesktopAsPng(ScreenshotTaker.java:82)
	at org.fest.swing.testng.listener.ScreenshotOnFailureListener.takeScreenshotAndReturnFileName(ScreenshotOnFailureListener.java:118)
	at org.fest.swing.testng.listener.ScreenshotOnFailureListener.onTestFailure(ScreenshotOnFailureListener.java:100)
	at org.testng.internal.Invoker.runTestListeners(Invoker.java:1895)
	at org.testng.internal.Invoker.runTestListeners(Invoker.java:1879)
	at org.testng.internal.Invoker.invokeMethod(Invoker.java:778)
	at org.testng.internal.Invoker.invokeTestMethod(Invoker.java:901)
	at org.testng.internal.Invoker.invokeTestMethods(Invoker.java:1231)
	at org.testng.internal.TestMethodWorker.invokeTestMethods(TestMethodWorker.java:127)
	at org.testng.internal.TestMethodWorker.run(TestMethodWorker.java:111)
	at org.testng.TestRunner.privateRun(TestRunner.java:767)
	at org.testng.TestRunner.run(TestRunner.java:617)
	at org.testng.SuiteRunner.runTest(SuiteRunner.java:334)
	at org.testng.SuiteRunner.runSequentially(SuiteRunner.java:329)
	at org.testng.SuiteRunner.privateRun(SuiteRunner.java:291)
	at org.testng.SuiteRunner.run(SuiteRunner.java:240)
	at org.testng.SuiteRunnerWorker.runSuite(SuiteRunnerWorker.java:52)
	at org.testng.SuiteRunnerWorker.run(SuiteRunnerWorker.java:86)
	at org.testng.TestNG.runSuitesSequentially(TestNG.java:1198)
	at org.testng.TestNG.runSuitesLocally(TestNG.java:1123)
	at org.testng.TestNG.run(TestNG.java:1031)
	at org.apache.maven.surefire.testng.TestNGExecutor.run(TestNGExecutor.java:178)
	at org.apache.maven.surefire.testng.TestNGXmlTestSuite.execute(TestNGXmlTestSuite.java:92)
	at org.apache.maven.surefire.testng.TestNGProvider.invoke(TestNGProvider.java:96)
	at sun.reflect.NativeMethodAccessorImpl.invoke0(Native Method)
	at sun.reflect.NativeMethodAccessorImpl.invoke(Unknown Source)
	at sun.reflect.DelegatingMethodAccessorImpl.invoke(Unknown Source)
	at java.lang.reflect.Method.invoke(Unknown Source)
	at org.apache.maven.surefire.util.ReflectionUtils.invokeMethodWithArray2(ReflectionUtils.java:208)
	at org.apache.maven.surefire.booter.ProviderFactory$ProviderProxy.invoke(ProviderFactory.java:159)
	at org.apache.maven.surefire.booter.ProviderFactory.invokeProvider(ProviderFactory.java:87)
	at org.apache.maven.surefire.booter.ForkedBooter.runSuitesInProcess(ForkedBooter.java:153)
	at org.apache.maven.surefire.booter.ForkedBooter.main(ForkedBooter.java:95)
Caused by: org.fest.util.FilesException: Unable to create the new file 'D:\Automation-20072015\CCAutomation\target\surefire-reports\Smoke Test\com.ccautomation.pagetitle.PageTitleTest.verifyTitle......png': a file was found with the same path
	at org.fest.util.Files.cannotCreateNewFile(Files.java:169)
	at org.fest.util.Files.cannotCreateNewFile(Files.java:158)
	at org.fest.util.Files.newFile(Files.java:130)
	at org.fest.swing.image.ImageFileWriter.writeAsPng(ImageFileWriter.java:41)
	at org.fest.swing.image.ScreenshotTaker.saveImage(ScreenshotTaker.java:182)
	... 33 more

</system-err>
  </testcase>
</testsuite>