<?xml version="1.0" encoding="UTF-8"?>
<testsuite name="TestSuite" time="0.468" tests="9" errors="0" skipped="0" failures="9">
  <properties>
[...]
</properties>
  <testcase name="verifyTitle" classname="com.ccautomation.pagetitle.PageTitleTest" time="0.063">
    <failure message="null value in entry: url=null" type="java.lang.NullPointerException"><![CDATA[java.lang.NullPointerException: null value in entry: url=null
	at com.google.common.collect.CollectPreconditions.checkEntryNotNull(CollectPreconditions.java:33)
	at com.google.common.collect.SingletonImmutableBiMap.<init>(SingletonImmutableBiMap.java:39)
	at com.google.common.collect.ImmutableBiMap.of(ImmutableBiMap.java:57)
	at com.google.common.collect.ImmutableMap.of(ImmutableMap.java:80)
	at org.openqa.selenium.remote.RemoteWebDriver.get(RemoteWebDriver.java:304)
	at com.ccautomation.utils.WebUtils.navigateToUrl(WebUtils.java:56)
	at com.ccautomation.pagetitle.PageTitleTest.verifyTitle(PageTitleTest.java:45)
]]></failure>
    <system-out>



CONFIGURING TESTNG




</system-out>
    <system-err><![CDATA[Jul 23, 2015 4:06:55 PM org.fest.swing.testng.listener.ScreenshotOnFailureListener onStart
INFO: TestNG output directory: 'D:\Automation-20072015\CCAutomation\target\surefire-reports\Smoke Test'
Starting ChromeDriver 2.16.333243 (0bfa1d3575fc1044244f21ddb82bf870944ef961) on port 26526
Only local connections are allowed.
log4j:WARN No appenders could be found for logger (org.apache.http.client.protocol.RequestAddCookies).
log4j:WARN Please initialize the log4j system properly.
Jul 23, 2015 4:06:58 PM org.fest.swing.testng.listener.ScreenshotOnFailureListener takeScreenshotAndReturnFileName
SEVERE: Unable to save image as 'D:\Automation-20072015\CCAutomation\target\surefire-reports\Smoke Test\com.ccautomation.pagetitle.PageTitleTest.verifyTitle.Home page.Live Cricket Score & News | Latest Articles & Match Updates | Cricket Photos & Videos | CricketCountry.com.Cricket Country  - Live Cricket News - Latest cricket updates, live cricket scores, cricket fan blogs, & world cup history. Discuss cricket's best innings, bowling spells, heroes, upsets, Sachin's records, IPL T20, world cup and more at Cricket Country.live cricket news, latest cricket updates , live cricket score, world cup, worldcup, ICC cricket world cup, cricket world cup 2011, ICC world cup, world cup history,cricket world cup history, IPL, IPL T20 2011.[null].png'
org.fest.swing.image.ImageException: Unable to save image as 'D:\Automation-20072015\CCAutomation\target\surefire-reports\Smoke Test\com.ccautomation.pagetitle.PageTitleTest.verifyTitle.Home page.Live Cricket Score & News | Latest Articles & Match Updates | Cricket Photos & Videos | CricketCountry.com.Cricket Country  - Live Cricket News - Latest cricket updates, live cricket scores, cricket fan blogs, & world cup history. Discuss cricket's best innings, bowling spells, heroes, upsets, Sachin's records, IPL T20, world cup and more at Cricket Country.live cricket news, latest cricket updates , live cricket score, world cup, worldcup, ICC cricket world cup, cricket world cup 2011, ICC world cup, world cup history,cricket world cup history, IPL, IPL T20 2011.[null].png'
	at org.fest.swing.image.ScreenshotTaker.saveImage(ScreenshotTaker.java:184)
	at org.fest.swing.image.ScreenshotTaker.saveDesktopAsPng(ScreenshotTaker.java:82)
	at org.fest.swing.testng.listener.ScreenshotOnFailureListener.takeScreenshotAndReturnFileName(ScreenshotOnFailureListener.java:118)
	at org.fest.swing.testng.listener.ScreenshotOnFailureListener.onTestFailure(ScreenshotOnFailureListener.java:100)
	at org.testng.internal.Invoker.runTestListeners(Invoker.java:1895)
	at org.testng.internal.Invoker.runTestListeners(Invoker.java:1879)
	at org.testng.internal.Invoker.invokeMethod(Invoker.java:778)
	at org.testng.internal.Invoker.invokeTestMethod(Invoker.java:901)
	at org.testng.internal.Invoker.invokeTestMethods(Invoker.java:1231)
	at org.testng.internal.TestMethodWorker.invokeTestMethods(TestMethodWorker.java:127)
	at org.testng.internal.TestMethodWorker.run(TestMethodWorker.java:111)
	at org.testng.TestRunner.privateRun(TestRunner.java:767)
	at org.testng.TestRunner.run(TestRunner.java:617)
	at org.testng.SuiteRunner.runTest(SuiteRunner.java:334)
	at org.testng.SuiteRunner.runSequentially(SuiteRunner.java:329)
	at org.testng.SuiteRunner.privateRun(SuiteRunner.java:291)
	at org.testng.SuiteRunner.run(SuiteRunner.java:240)
	at org.testng.SuiteRunnerWorker.runSuite(SuiteRunnerWorker.java:52)
	at org.testng.SuiteRunnerWorker.run(SuiteRunnerWorker.java:86)
	at org.testng.TestNG.runSuitesSequentially(TestNG.java:1198)
	at org.testng.TestNG.runSuitesLocally(TestNG.java:1123)
	at org.testng.TestNG.run(TestNG.java:1031)
	at org.apache.maven.surefire.testng.TestNGExecutor.run(TestNGExecutor.java:178)
	at org.apache.maven.surefire.testng.TestNGXmlTestSuite.execute(TestNGXmlTestSuite.java:92)
	at org.apache.maven.surefire.testng.TestNGProvider.invoke(TestNGProvider.java:96)
	at sun.reflect.NativeMethodAccessorImpl.invoke0(Native Method)
	at sun.reflect.NativeMethodAccessorImpl.invoke(Unknown Source)
	at sun.reflect.DelegatingMethodAccessorImpl.invoke(Unknown Source)
	at java.lang.reflect.Method.invoke(Unknown Source)
	at org.apache.maven.surefire.util.ReflectionUtils.invokeMethodWithArray2(ReflectionUtils.java:208)
	at org.apache.maven.surefire.booter.ProviderFactory$ProviderProxy.invoke(ProviderFactory.java:159)
	at org.apache.maven.surefire.booter.ProviderFactory.invokeProvider(ProviderFactory.java:87)
	at org.apache.maven.surefire.booter.ForkedBooter.runSuitesInProcess(ForkedBooter.java:153)
	at org.apache.maven.surefire.booter.ForkedBooter.main(ForkedBooter.java:95)
Caused by: org.fest.util.FilesException: Unable to create the new file 'D:\Automation-20072015\CCAutomation\target\surefire-reports\Smoke Test\com.ccautomation.pagetitle.PageTitleTest.verifyTitle.Home page.Live Cricket Score & News | Latest Articles & Match Updates | Cricket Photos & Videos | CricketCountry.com.Cricket Country  - Live Cricket News - Latest cricket updates, live cricket scores, cricket fan blogs, & world cup history. Discuss cricket's best innings, bowling spells, heroes, upsets, Sachin's records, IPL T20, world cup and more at Cricket Country.live cricket news, latest cricket updates , live cricket score, world cup, worldcup, ICC cricket world cup, cricket world cup 2011, ICC world cup, world cup history,cricket world cup history, IPL, IPL T20 2011.[null].png'
	at org.fest.util.Files.cannotCreateNewFile(Files.java:168)
	at org.fest.util.Files.cannotCreateNewFile(Files.java:162)
	at org.fest.util.Files.newFile(Files.java:132)
	at org.fest.swing.image.ImageFileWriter.writeAsPng(ImageFileWriter.java:41)
	at org.fest.swing.image.ScreenshotTaker.saveImage(ScreenshotTaker.java:182)
	... 33 more
Caused by: java.io.IOException: The filename, directory name, or volume label syntax is incorrect
	at java.io.WinNTFileSystem.createFileExclusively(Native Method)
	at java.io.File.createNewFile(Unknown Source)
	at org.fest.util.Files.newFile(Files.java:130)
	... 35 more

]]></system-err>
  </testcase>
  <testcase name="verifyTitle" classname="com.ccautomation.pagetitle.PageTitleTest" time="0.041">
    <failure message="null value in entry: url=null" type="java.lang.NullPointerException"><![CDATA[java.lang.NullPointerException: null value in entry: url=null
	at com.google.common.collect.CollectPreconditions.checkEntryNotNull(CollectPreconditions.java:33)
	at com.google.common.collect.SingletonImmutableBiMap.<init>(SingletonImmutableBiMap.java:39)
	at com.google.common.collect.ImmutableBiMap.of(ImmutableBiMap.java:57)
	at com.google.common.collect.ImmutableMap.of(ImmutableMap.java:80)
	at org.openqa.selenium.remote.RemoteWebDriver.get(RemoteWebDriver.java:304)
	at com.ccautomation.utils.WebUtils.navigateToUrl(WebUtils.java:56)
	at com.ccautomation.pagetitle.PageTitleTest.verifyTitle(PageTitleTest.java:45)
]]></failure>
    <system-err><![CDATA[Jul 23, 2015 4:06:58 PM org.fest.swing.testng.listener.ScreenshotOnFailureListener takeScreenshotAndReturnFileName
SEVERE: Unable to save image as 'D:\Automation-20072015\CCAutomation\target\surefire-reports\Smoke Test\com.ccautomation.pagetitle.PageTitleTest.verifyTitle.News Page.Cricket News - Latest Cricket News, Live Match Updates & News Articles on cricketcountry.com | Cricket Country.Cricket Country  - Live Cricket News - Latest cricket updates, live cricket scores, cricket fan blogs, & world cup history. Discuss cricket's best innings, bowling spells, heroes, upsets, Sachin's records, IPL T20, world cup and more at Cricket Country.live cricket news, latest cricket updates , live cricket score, world cup, worldcup, ICC cricket world cup, cricket world cup 2011, ICC world cup, world cup history,cricket world cup history, IPL, IPL T20 2012.[null].png'
org.fest.swing.image.ImageException: Unable to save image as 'D:\Automation-20072015\CCAutomation\target\surefire-reports\Smoke Test\com.ccautomation.pagetitle.PageTitleTest.verifyTitle.News Page.Cricket News - Latest Cricket News, Live Match Updates & News Articles on cricketcountry.com | Cricket Country.Cricket Country  - Live Cricket News - Latest cricket updates, live cricket scores, cricket fan blogs, & world cup history. Discuss cricket's best innings, bowling spells, heroes, upsets, Sachin's records, IPL T20, world cup and more at Cricket Country.live cricket news, latest cricket updates , live cricket score, world cup, worldcup, ICC cricket world cup, cricket world cup 2011, ICC world cup, world cup history,cricket world cup history, IPL, IPL T20 2012.[null].png'
	at org.fest.swing.image.ScreenshotTaker.saveImage(ScreenshotTaker.java:184)
	at org.fest.swing.image.ScreenshotTaker.saveDesktopAsPng(ScreenshotTaker.java:82)
	at org.fest.swing.testng.listener.ScreenshotOnFailureListener.takeScreenshotAndReturnFileName(ScreenshotOnFailureListener.java:118)
	at org.fest.swing.testng.listener.ScreenshotOnFailureListener.onTestFailure(ScreenshotOnFailureListener.java:100)
	at org.testng.internal.Invoker.runTestListeners(Invoker.java:1895)
	at org.testng.internal.Invoker.runTestListeners(Invoker.java:1879)
	at org.testng.internal.Invoker.invokeMethod(Invoker.java:778)
	at org.testng.internal.Invoker.invokeTestMethod(Invoker.java:901)
	at org.testng.internal.Invoker.invokeTestMethods(Invoker.java:1231)
	at org.testng.internal.TestMethodWorker.invokeTestMethods(TestMethodWorker.java:127)
	at org.testng.internal.TestMethodWorker.run(TestMethodWorker.java:111)
	at org.testng.TestRunner.privateRun(TestRunner.java:767)
	at org.testng.TestRunner.run(TestRunner.java:617)
	at org.testng.SuiteRunner.runTest(SuiteRunner.java:334)
	at org.testng.SuiteRunner.runSequentially(SuiteRunner.java:329)
	at org.testng.SuiteRunner.privateRun(SuiteRunner.java:291)
	at org.testng.SuiteRunner.run(SuiteRunner.java:240)
	at org.testng.SuiteRunnerWorker.runSuite(SuiteRunnerWorker.java:52)
	at org.testng.SuiteRunnerWorker.run(SuiteRunnerWorker.java:86)
	at org.testng.TestNG.runSuitesSequentially(TestNG.java:1198)
	at org.testng.TestNG.runSuitesLocally(TestNG.java:1123)
	at org.testng.TestNG.run(TestNG.java:1031)
	at org.apache.maven.surefire.testng.TestNGExecutor.run(TestNGExecutor.java:178)
	at org.apache.maven.surefire.testng.TestNGXmlTestSuite.execute(TestNGXmlTestSuite.java:92)
	at org.apache.maven.surefire.testng.TestNGProvider.invoke(TestNGProvider.java:96)
	at sun.reflect.NativeMethodAccessorImpl.invoke0(Native Method)
	at sun.reflect.NativeMethodAccessorImpl.invoke(Unknown Source)
	at sun.reflect.DelegatingMethodAccessorImpl.invoke(Unknown Source)
	at java.lang.reflect.Method.invoke(Unknown Source)
	at org.apache.maven.surefire.util.ReflectionUtils.invokeMethodWithArray2(ReflectionUtils.java:208)
	at org.apache.maven.surefire.booter.ProviderFactory$ProviderProxy.invoke(ProviderFactory.java:159)
	at org.apache.maven.surefire.booter.ProviderFactory.invokeProvider(ProviderFactory.java:87)
	at org.apache.maven.surefire.booter.ForkedBooter.runSuitesInProcess(ForkedBooter.java:153)
	at org.apache.maven.surefire.booter.ForkedBooter.main(ForkedBooter.java:95)
Caused by: org.fest.util.FilesException: Unable to create the new file 'D:\Automation-20072015\CCAutomation\target\surefire-reports\Smoke Test\com.ccautomation.pagetitle.PageTitleTest.verifyTitle.News Page.Cricket News - Latest Cricket News, Live Match Updates & News Articles on cricketcountry.com | Cricket Country.Cricket Country  - Live Cricket News - Latest cricket updates, live cricket scores, cricket fan blogs, & world cup history. Discuss cricket's best innings, bowling spells, heroes, upsets, Sachin's records, IPL T20, world cup and more at Cricket Country.live cricket news, latest cricket updates , live cricket score, world cup, worldcup, ICC cricket world cup, cricket world cup 2011, ICC world cup, world cup history,cricket world cup history, IPL, IPL T20 2012.[null].png'
	at org.fest.util.Files.cannotCreateNewFile(Files.java:168)
	at org.fest.util.Files.cannotCreateNewFile(Files.java:162)
	at org.fest.util.Files.newFile(Files.java:132)
	at org.fest.swing.image.ImageFileWriter.writeAsPng(ImageFileWriter.java:41)
	at org.fest.swing.image.ScreenshotTaker.saveImage(ScreenshotTaker.java:182)
	... 33 more
Caused by: java.io.IOException: The filename, directory name, or volume label syntax is incorrect
	at java.io.WinNTFileSystem.createFileExclusively(Native Method)
	at java.io.File.createNewFile(Unknown Source)
	at org.fest.util.Files.newFile(Files.java:130)
	... 35 more

]]></system-err>
  </testcase>
  <testcase name="verifyTitle" classname="com.ccautomation.pagetitle.PageTitleTest" time="0.033">
    <failure message="null value in entry: url=null" type="java.lang.NullPointerException"><![CDATA[java.lang.NullPointerException: null value in entry: url=null
	at com.google.common.collect.CollectPreconditions.checkEntryNotNull(CollectPreconditions.java:33)
	at com.google.common.collect.SingletonImmutableBiMap.<init>(SingletonImmutableBiMap.java:39)
	at com.google.common.collect.ImmutableBiMap.of(ImmutableBiMap.java:57)
	at com.google.common.collect.ImmutableMap.of(ImmutableMap.java:80)
	at org.openqa.selenium.remote.RemoteWebDriver.get(RemoteWebDriver.java:304)
	at com.ccautomation.utils.WebUtils.navigateToUrl(WebUtils.java:56)
	at com.ccautomation.pagetitle.PageTitleTest.verifyTitle(PageTitleTest.java:45)
]]></failure>
    <system-err><![CDATA[Jul 23, 2015 4:06:58 PM org.fest.swing.testng.listener.ScreenshotOnFailureListener takeScreenshotAndReturnFileName
SEVERE: Unable to save image as 'D:\Automation-20072015\CCAutomation\target\surefire-reports\Smoke Test\com.ccautomation.pagetitle.PageTitleTest.verifyTitle.Article Page.Cricket Articles | Cricket News | Cricket Blogs | Cricket Posts | CricketCountry.com | Cricket Country.Cricket Country  - Live Cricket News - Latest cricket updates, live cricket scores, cricket fan blogs, & world cup history. Discuss cricket's best innings, bowling spells, heroes, upsets, Sachin's records, IPL T20, world cup and more at Cricket Country.live cricket news, latest cricket updates , live cricket score, world cup, worldcup, ICC cricket world cup, cricket world cup 2011, ICC world cup, world cup history,cricket world cup history, IPL, IPL T20 2013.[null].png'
org.fest.swing.image.ImageException: Unable to save image as 'D:\Automation-20072015\CCAutomation\target\surefire-reports\Smoke Test\com.ccautomation.pagetitle.PageTitleTest.verifyTitle.Article Page.Cricket Articles | Cricket News | Cricket Blogs | Cricket Posts | CricketCountry.com | Cricket Country.Cricket Country  - Live Cricket News - Latest cricket updates, live cricket scores, cricket fan blogs, & world cup history. Discuss cricket's best innings, bowling spells, heroes, upsets, Sachin's records, IPL T20, world cup and more at Cricket Country.live cricket news, latest cricket updates , live cricket score, world cup, worldcup, ICC cricket world cup, cricket world cup 2011, ICC world cup, world cup history,cricket world cup history, IPL, IPL T20 2013.[null].png'
	at org.fest.swing.image.ScreenshotTaker.saveImage(ScreenshotTaker.java:184)
	at org.fest.swing.image.ScreenshotTaker.saveDesktopAsPng(ScreenshotTaker.java:82)
	at org.fest.swing.testng.listener.ScreenshotOnFailureListener.takeScreenshotAndReturnFileName(ScreenshotOnFailureListener.java:118)
	at org.fest.swing.testng.listener.ScreenshotOnFailureListener.onTestFailure(ScreenshotOnFailureListener.java:100)
	at org.testng.internal.Invoker.runTestListeners(Invoker.java:1895)
	at org.testng.internal.Invoker.runTestListeners(Invoker.java:1879)
	at org.testng.internal.Invoker.invokeMethod(Invoker.java:778)
	at org.testng.internal.Invoker.invokeTestMethod(Invoker.java:901)
	at org.testng.internal.Invoker.invokeTestMethods(Invoker.java:1231)
	at org.testng.internal.TestMethodWorker.invokeTestMethods(TestMethodWorker.java:127)
	at org.testng.internal.TestMethodWorker.run(TestMethodWorker.java:111)
	at org.testng.TestRunner.privateRun(TestRunner.java:767)
	at org.testng.TestRunner.run(TestRunner.java:617)
	at org.testng.SuiteRunner.runTest(SuiteRunner.java:334)
	at org.testng.SuiteRunner.runSequentially(SuiteRunner.java:329)
	at org.testng.SuiteRunner.privateRun(SuiteRunner.java:291)
	at org.testng.SuiteRunner.run(SuiteRunner.java:240)
	at org.testng.SuiteRunnerWorker.runSuite(SuiteRunnerWorker.java:52)
	at org.testng.SuiteRunnerWorker.run(SuiteRunnerWorker.java:86)
	at org.testng.TestNG.runSuitesSequentially(TestNG.java:1198)
	at org.testng.TestNG.runSuitesLocally(TestNG.java:1123)
	at org.testng.TestNG.run(TestNG.java:1031)
	at org.apache.maven.surefire.testng.TestNGExecutor.run(TestNGExecutor.java:178)
	at org.apache.maven.surefire.testng.TestNGXmlTestSuite.execute(TestNGXmlTestSuite.java:92)
	at org.apache.maven.surefire.testng.TestNGProvider.invoke(TestNGProvider.java:96)
	at sun.reflect.NativeMethodAccessorImpl.invoke0(Native Method)
	at sun.reflect.NativeMethodAccessorImpl.invoke(Unknown Source)
	at sun.reflect.DelegatingMethodAccessorImpl.invoke(Unknown Source)
	at java.lang.reflect.Method.invoke(Unknown Source)
	at org.apache.maven.surefire.util.ReflectionUtils.invokeMethodWithArray2(ReflectionUtils.java:208)
	at org.apache.maven.surefire.booter.ProviderFactory$ProviderProxy.invoke(ProviderFactory.java:159)
	at org.apache.maven.surefire.booter.ProviderFactory.invokeProvider(ProviderFactory.java:87)
	at org.apache.maven.surefire.booter.ForkedBooter.runSuitesInProcess(ForkedBooter.java:153)
	at org.apache.maven.surefire.booter.ForkedBooter.main(ForkedBooter.java:95)
Caused by: org.fest.util.FilesException: Unable to create the new file 'D:\Automation-20072015\CCAutomation\target\surefire-reports\Smoke Test\com.ccautomation.pagetitle.PageTitleTest.verifyTitle.Article Page.Cricket Articles | Cricket News | Cricket Blogs | Cricket Posts | CricketCountry.com | Cricket Country.Cricket Country  - Live Cricket News - Latest cricket updates, live cricket scores, cricket fan blogs, & world cup history. Discuss cricket's best innings, bowling spells, heroes, upsets, Sachin's records, IPL T20, world cup and more at Cricket Country.live cricket news, latest cricket updates , live cricket score, world cup, worldcup, ICC cricket world cup, cricket world cup 2011, ICC world cup, world cup history,cricket world cup history, IPL, IPL T20 2013.[null].png'
	at org.fest.util.Files.cannotCreateNewFile(Files.java:168)
	at org.fest.util.Files.cannotCreateNewFile(Files.java:162)
	at org.fest.util.Files.newFile(Files.java:132)
	at org.fest.swing.image.ImageFileWriter.writeAsPng(ImageFileWriter.java:41)
	at org.fest.swing.image.ScreenshotTaker.saveImage(ScreenshotTaker.java:182)
	... 33 more
Caused by: java.io.IOException: The filename, directory name, or volume label syntax is incorrect
	at java.io.WinNTFileSystem.createFileExclusively(Native Method)
	at java.io.File.createNewFile(Unknown Source)
	at org.fest.util.Files.newFile(Files.java:130)
	... 35 more

]]></system-err>
  </testcase>
  <testcase name="verifyTitle" classname="com.ccautomation.pagetitle.PageTitleTest" time="0.033">
    <failure message="null value in entry: url=null" type="java.lang.NullPointerException"><![CDATA[java.lang.NullPointerException: null value in entry: url=null
	at com.google.common.collect.CollectPreconditions.checkEntryNotNull(CollectPreconditions.java:33)
	at com.google.common.collect.SingletonImmutableBiMap.<init>(SingletonImmutableBiMap.java:39)
	at com.google.common.collect.ImmutableBiMap.of(ImmutableBiMap.java:57)
	at com.google.common.collect.ImmutableMap.of(ImmutableMap.java:80)
	at org.openqa.selenium.remote.RemoteWebDriver.get(RemoteWebDriver.java:304)
	at com.ccautomation.utils.WebUtils.navigateToUrl(WebUtils.java:56)
	at com.ccautomation.pagetitle.PageTitleTest.verifyTitle(PageTitleTest.java:45)
]]></failure>
    <system-err><![CDATA[Jul 23, 2015 4:06:58 PM org.fest.swing.testng.listener.ScreenshotOnFailureListener takeScreenshotAndReturnFileName
SEVERE: Unable to save image as 'D:\Automation-20072015\CCAutomation\target\surefire-reports\Smoke Test\com.ccautomation.pagetitle.PageTitleTest.verifyTitle.Photos Page.Cricket Photos - Image Gallery of Cricket Players in Action | Cricket Photo Gallery at CricketCountry.com | Cricket Country.Cricket Country  - Live Cricket News - Latest cricket updates, live cricket scores, cricket fan blogs, & world cup history. Discuss cricket's best innings, bowling spells, heroes, upsets, Sachin's records, IPL T20, world cup and more at Cricket Country.live cricket news, latest cricket updates , live cricket score, world cup, worldcup, ICC cricket world cup, cricket world cup 2011, ICC world cup, world cup history,cricket world cup history, IPL, IPL T20 2014.[null].png'
org.fest.swing.image.ImageException: Unable to save image as 'D:\Automation-20072015\CCAutomation\target\surefire-reports\Smoke Test\com.ccautomation.pagetitle.PageTitleTest.verifyTitle.Photos Page.Cricket Photos - Image Gallery of Cricket Players in Action | Cricket Photo Gallery at CricketCountry.com | Cricket Country.Cricket Country  - Live Cricket News - Latest cricket updates, live cricket scores, cricket fan blogs, & world cup history. Discuss cricket's best innings, bowling spells, heroes, upsets, Sachin's records, IPL T20, world cup and more at Cricket Country.live cricket news, latest cricket updates , live cricket score, world cup, worldcup, ICC cricket world cup, cricket world cup 2011, ICC world cup, world cup history,cricket world cup history, IPL, IPL T20 2014.[null].png'
	at org.fest.swing.image.ScreenshotTaker.saveImage(ScreenshotTaker.java:184)
	at org.fest.swing.image.ScreenshotTaker.saveDesktopAsPng(ScreenshotTaker.java:82)
	at org.fest.swing.testng.listener.ScreenshotOnFailureListener.takeScreenshotAndReturnFileName(ScreenshotOnFailureListener.java:118)
	at org.fest.swing.testng.listener.ScreenshotOnFailureListener.onTestFailure(ScreenshotOnFailureListener.java:100)
	at org.testng.internal.Invoker.runTestListeners(Invoker.java:1895)
	at org.testng.internal.Invoker.runTestListeners(Invoker.java:1879)
	at org.testng.internal.Invoker.invokeMethod(Invoker.java:778)
	at org.testng.internal.Invoker.invokeTestMethod(Invoker.java:901)
	at org.testng.internal.Invoker.invokeTestMethods(Invoker.java:1231)
	at org.testng.internal.TestMethodWorker.invokeTestMethods(TestMethodWorker.java:127)
	at org.testng.internal.TestMethodWorker.run(TestMethodWorker.java:111)
	at org.testng.TestRunner.privateRun(TestRunner.java:767)
	at org.testng.TestRunner.run(TestRunner.java:617)
	at org.testng.SuiteRunner.runTest(SuiteRunner.java:334)
	at org.testng.SuiteRunner.runSequentially(SuiteRunner.java:329)
	at org.testng.SuiteRunner.privateRun(SuiteRunner.java:291)
	at org.testng.SuiteRunner.run(SuiteRunner.java:240)
	at org.testng.SuiteRunnerWorker.runSuite(SuiteRunnerWorker.java:52)
	at org.testng.SuiteRunnerWorker.run(SuiteRunnerWorker.java:86)
	at org.testng.TestNG.runSuitesSequentially(TestNG.java:1198)
	at org.testng.TestNG.runSuitesLocally(TestNG.java:1123)
	at org.testng.TestNG.run(TestNG.java:1031)
	at org.apache.maven.surefire.testng.TestNGExecutor.run(TestNGExecutor.java:178)
	at org.apache.maven.surefire.testng.TestNGXmlTestSuite.execute(TestNGXmlTestSuite.java:92)
	at org.apache.maven.surefire.testng.TestNGProvider.invoke(TestNGProvider.java:96)
	at sun.reflect.NativeMethodAccessorImpl.invoke0(Native Method)
	at sun.reflect.NativeMethodAccessorImpl.invoke(Unknown Source)
	at sun.reflect.DelegatingMethodAccessorImpl.invoke(Unknown Source)
	at java.lang.reflect.Method.invoke(Unknown Source)
	at org.apache.maven.surefire.util.ReflectionUtils.invokeMethodWithArray2(ReflectionUtils.java:208)
	at org.apache.maven.surefire.booter.ProviderFactory$ProviderProxy.invoke(ProviderFactory.java:159)
	at org.apache.maven.surefire.booter.ProviderFactory.invokeProvider(ProviderFactory.java:87)
	at org.apache.maven.surefire.booter.ForkedBooter.runSuitesInProcess(ForkedBooter.java:153)
	at org.apache.maven.surefire.booter.ForkedBooter.main(ForkedBooter.java:95)
Caused by: org.fest.util.FilesException: Unable to create the new file 'D:\Automation-20072015\CCAutomation\target\surefire-reports\Smoke Test\com.ccautomation.pagetitle.PageTitleTest.verifyTitle.Photos Page.Cricket Photos - Image Gallery of Cricket Players in Action | Cricket Photo Gallery at CricketCountry.com | Cricket Country.Cricket Country  - Live Cricket News - Latest cricket updates, live cricket scores, cricket fan blogs, & world cup history. Discuss cricket's best innings, bowling spells, heroes, upsets, Sachin's records, IPL T20, world cup and more at Cricket Country.live cricket news, latest cricket updates , live cricket score, world cup, worldcup, ICC cricket world cup, cricket world cup 2011, ICC world cup, world cup history,cricket world cup history, IPL, IPL T20 2014.[null].png'
	at org.fest.util.Files.cannotCreateNewFile(Files.java:168)
	at org.fest.util.Files.cannotCreateNewFile(Files.java:162)
	at org.fest.util.Files.newFile(Files.java:132)
	at org.fest.swing.image.ImageFileWriter.writeAsPng(ImageFileWriter.java:41)
	at org.fest.swing.image.ScreenshotTaker.saveImage(ScreenshotTaker.java:182)
	... 33 more
Caused by: java.io.IOException: The filename, directory name, or volume label syntax is incorrect
	at java.io.WinNTFileSystem.createFileExclusively(Native Method)
	at java.io.File.createNewFile(Unknown Source)
	at org.fest.util.Files.newFile(Files.java:130)
	... 35 more

]]></system-err>
  </testcase>
  <testcase name="verifyTitle" classname="com.ccautomation.pagetitle.PageTitleTest" time="0.032">
    <failure message="null value in entry: url=null" type="java.lang.NullPointerException"><![CDATA[java.lang.NullPointerException: null value in entry: url=null
	at com.google.common.collect.CollectPreconditions.checkEntryNotNull(CollectPreconditions.java:33)
	at com.google.common.collect.SingletonImmutableBiMap.<init>(SingletonImmutableBiMap.java:39)
	at com.google.common.collect.ImmutableBiMap.of(ImmutableBiMap.java:57)
	at com.google.common.collect.ImmutableMap.of(ImmutableMap.java:80)
	at org.openqa.selenium.remote.RemoteWebDriver.get(RemoteWebDriver.java:304)
	at com.ccautomation.utils.WebUtils.navigateToUrl(WebUtils.java:56)
	at com.ccautomation.pagetitle.PageTitleTest.verifyTitle(PageTitleTest.java:45)
]]></failure>
    <system-err><![CDATA[Jul 23, 2015 4:06:58 PM org.fest.swing.testng.listener.ScreenshotOnFailureListener takeScreenshotAndReturnFileName
SEVERE: Unable to save image as 'D:\Automation-20072015\CCAutomation\target\surefire-reports\Smoke Test\com.ccautomation.pagetitle.PageTitleTest.verifyTitle.Videos Page.Cricket Videos | Live Cricket Videos & News | Free Cricket Highlight Videos | CricketCountry.com | Cricket Country.Cricket Country  - Live Cricket News - Latest cricket updates, live cricket scores, cricket fan blogs, & world cup history. Discuss cricket's best innings, bowling spells, heroes, upsets, Sachin's records, IPL T20, world cup and more at Cricket Country.live cricket news, latest cricket updates , live cricket score, world cup, worldcup, ICC cricket world cup, cricket world cup 2011, ICC world cup, world cup history,cricket world cup history, IPL, IPL T20 2015.[null].png'
org.fest.swing.image.ImageException: Unable to save image as 'D:\Automation-20072015\CCAutomation\target\surefire-reports\Smoke Test\com.ccautomation.pagetitle.PageTitleTest.verifyTitle.Videos Page.Cricket Videos | Live Cricket Videos & News | Free Cricket Highlight Videos | CricketCountry.com | Cricket Country.Cricket Country  - Live Cricket News - Latest cricket updates, live cricket scores, cricket fan blogs, & world cup history. Discuss cricket's best innings, bowling spells, heroes, upsets, Sachin's records, IPL T20, world cup and more at Cricket Country.live cricket news, latest cricket updates , live cricket score, world cup, worldcup, ICC cricket world cup, cricket world cup 2011, ICC world cup, world cup history,cricket world cup history, IPL, IPL T20 2015.[null].png'
	at org.fest.swing.image.ScreenshotTaker.saveImage(ScreenshotTaker.java:184)
	at org.fest.swing.image.ScreenshotTaker.saveDesktopAsPng(ScreenshotTaker.java:82)
	at org.fest.swing.testng.listener.ScreenshotOnFailureListener.takeScreenshotAndReturnFileName(ScreenshotOnFailureListener.java:118)
	at org.fest.swing.testng.listener.ScreenshotOnFailureListener.onTestFailure(ScreenshotOnFailureListener.java:100)
	at org.testng.internal.Invoker.runTestListeners(Invoker.java:1895)
	at org.testng.internal.Invoker.runTestListeners(Invoker.java:1879)
	at org.testng.internal.Invoker.invokeMethod(Invoker.java:778)
	at org.testng.internal.Invoker.invokeTestMethod(Invoker.java:901)
	at org.testng.internal.Invoker.invokeTestMethods(Invoker.java:1231)
	at org.testng.internal.TestMethodWorker.invokeTestMethods(TestMethodWorker.java:127)
	at org.testng.internal.TestMethodWorker.run(TestMethodWorker.java:111)
	at org.testng.TestRunner.privateRun(TestRunner.java:767)
	at org.testng.TestRunner.run(TestRunner.java:617)
	at org.testng.SuiteRunner.runTest(SuiteRunner.java:334)
	at org.testng.SuiteRunner.runSequentially(SuiteRunner.java:329)
	at org.testng.SuiteRunner.privateRun(SuiteRunner.java:291)
	at org.testng.SuiteRunner.run(SuiteRunner.java:240)
	at org.testng.SuiteRunnerWorker.runSuite(SuiteRunnerWorker.java:52)
	at org.testng.SuiteRunnerWorker.run(SuiteRunnerWorker.java:86)
	at org.testng.TestNG.runSuitesSequentially(TestNG.java:1198)
	at org.testng.TestNG.runSuitesLocally(TestNG.java:1123)
	at org.testng.TestNG.run(TestNG.java:1031)
	at org.apache.maven.surefire.testng.TestNGExecutor.run(TestNGExecutor.java:178)
	at org.apache.maven.surefire.testng.TestNGXmlTestSuite.execute(TestNGXmlTestSuite.java:92)
	at org.apache.maven.surefire.testng.TestNGProvider.invoke(TestNGProvider.java:96)
	at sun.reflect.NativeMethodAccessorImpl.invoke0(Native Method)
	at sun.reflect.NativeMethodAccessorImpl.invoke(Unknown Source)
	at sun.reflect.DelegatingMethodAccessorImpl.invoke(Unknown Source)
	at java.lang.reflect.Method.invoke(Unknown Source)
	at org.apache.maven.surefire.util.ReflectionUtils.invokeMethodWithArray2(ReflectionUtils.java:208)
	at org.apache.maven.surefire.booter.ProviderFactory$ProviderProxy.invoke(ProviderFactory.java:159)
	at org.apache.maven.surefire.booter.ProviderFactory.invokeProvider(ProviderFactory.java:87)
	at org.apache.maven.surefire.booter.ForkedBooter.runSuitesInProcess(ForkedBooter.java:153)
	at org.apache.maven.surefire.booter.ForkedBooter.main(ForkedBooter.java:95)
Caused by: org.fest.util.FilesException: Unable to create the new file 'D:\Automation-20072015\CCAutomation\target\surefire-reports\Smoke Test\com.ccautomation.pagetitle.PageTitleTest.verifyTitle.Videos Page.Cricket Videos | Live Cricket Videos & News | Free Cricket Highlight Videos | CricketCountry.com | Cricket Country.Cricket Country  - Live Cricket News - Latest cricket updates, live cricket scores, cricket fan blogs, & world cup history. Discuss cricket's best innings, bowling spells, heroes, upsets, Sachin's records, IPL T20, world cup and more at Cricket Country.live cricket news, latest cricket updates , live cricket score, world cup, worldcup, ICC cricket world cup, cricket world cup 2011, ICC world cup, world cup history,cricket world cup history, IPL, IPL T20 2015.[null].png'
	at org.fest.util.Files.cannotCreateNewFile(Files.java:168)
	at org.fest.util.Files.cannotCreateNewFile(Files.java:162)
	at org.fest.util.Files.newFile(Files.java:132)
	at org.fest.swing.image.ImageFileWriter.writeAsPng(ImageFileWriter.java:41)
	at org.fest.swing.image.ScreenshotTaker.saveImage(ScreenshotTaker.java:182)
	... 33 more
Caused by: java.io.IOException: The filename, directory name, or volume label syntax is incorrect
	at java.io.WinNTFileSystem.createFileExclusively(Native Method)
	at java.io.File.createNewFile(Unknown Source)
	at org.fest.util.Files.newFile(Files.java:130)
	... 35 more

]]></system-err>
  </testcase>
  <testcase name="verifyTitle" classname="com.ccautomation.pagetitle.PageTitleTest" time="0.157">
    <failure message="null value in entry: url=null" type="java.lang.NullPointerException"><![CDATA[java.lang.NullPointerException: null value in entry: url=null
	at com.google.common.collect.CollectPreconditions.checkEntryNotNull(CollectPreconditions.java:33)
	at com.google.common.collect.SingletonImmutableBiMap.<init>(SingletonImmutableBiMap.java:39)
	at com.google.common.collect.ImmutableBiMap.of(ImmutableBiMap.java:57)
	at com.google.common.collect.ImmutableMap.of(ImmutableMap.java:80)
	at org.openqa.selenium.remote.RemoteWebDriver.get(RemoteWebDriver.java:304)
	at com.ccautomation.utils.WebUtils.navigateToUrl(WebUtils.java:56)
	at com.ccautomation.pagetitle.PageTitleTest.verifyTitle(PageTitleTest.java:45)
]]></failure>
    <system-err>Jul 23, 2015 4:06:58 PM org.fest.swing.testng.listener.ScreenshotOnFailureListener onTestFailure
INFO: Screenshot of desktop saved as: 'com.ccautomation.pagetitle.PageTitleTest.verifyTitle.....[null].png'
</system-err>
  </testcase>
  <testcase name="verifyTitle" classname="com.ccautomation.pagetitle.PageTitleTest" time="0.042">
    <failure message="null value in entry: url=null" type="java.lang.NullPointerException"><![CDATA[java.lang.NullPointerException: null value in entry: url=null
	at com.google.common.collect.CollectPreconditions.checkEntryNotNull(CollectPreconditions.java:33)
	at com.google.common.collect.SingletonImmutableBiMap.<init>(SingletonImmutableBiMap.java:39)
	at com.google.common.collect.ImmutableBiMap.of(ImmutableBiMap.java:57)
	at com.google.common.collect.ImmutableMap.of(ImmutableMap.java:80)
	at org.openqa.selenium.remote.RemoteWebDriver.get(RemoteWebDriver.java:304)
	at com.ccautomation.utils.WebUtils.navigateToUrl(WebUtils.java:56)
	at com.ccautomation.pagetitle.PageTitleTest.verifyTitle(PageTitleTest.java:45)
]]></failure>
    <system-err>Jul 23, 2015 4:06:58 PM org.fest.swing.testng.listener.ScreenshotOnFailureListener takeScreenshotAndReturnFileName
SEVERE: Unable to save image as 'D:\Automation-20072015\CCAutomation\target\surefire-reports\Smoke Test\com.ccautomation.pagetitle.PageTitleTest.verifyTitle.....[null].png'
org.fest.swing.image.ImageException: Unable to save image as 'D:\Automation-20072015\CCAutomation\target\surefire-reports\Smoke Test\com.ccautomation.pagetitle.PageTitleTest.verifyTitle.....[null].png'
	at org.fest.swing.image.ScreenshotTaker.saveImage(ScreenshotTaker.java:184)
	at org.fest.swing.image.ScreenshotTaker.saveDesktopAsPng(ScreenshotTaker.java:82)
	at org.fest.swing.testng.listener.ScreenshotOnFailureListener.takeScreenshotAndReturnFileName(ScreenshotOnFailureListener.java:118)
	at org.fest.swing.testng.listener.ScreenshotOnFailureListener.onTestFailure(ScreenshotOnFailureListener.java:100)
	at org.testng.internal.Invoker.runTestListeners(Invoker.java:1895)
	at org.testng.internal.Invoker.runTestListeners(Invoker.java:1879)
	at org.testng.internal.Invoker.invokeMethod(Invoker.java:778)
	at org.testng.internal.Invoker.invokeTestMethod(Invoker.java:901)
	at org.testng.internal.Invoker.invokeTestMethods(Invoker.java:1231)
	at org.testng.internal.TestMethodWorker.invokeTestMethods(TestMethodWorker.java:127)
	at org.testng.internal.TestMethodWorker.run(TestMethodWorker.java:111)
	at org.testng.TestRunner.privateRun(TestRunner.java:767)
	at org.testng.TestRunner.run(TestRunner.java:617)
	at org.testng.SuiteRunner.runTest(SuiteRunner.java:334)
	at org.testng.SuiteRunner.runSequentially(SuiteRunner.java:329)
	at org.testng.SuiteRunner.privateRun(SuiteRunner.java:291)
	at org.testng.SuiteRunner.run(SuiteRunner.java:240)
	at org.testng.SuiteRunnerWorker.runSuite(SuiteRunnerWorker.java:52)
	at org.testng.SuiteRunnerWorker.run(SuiteRunnerWorker.java:86)
	at org.testng.TestNG.runSuitesSequentially(TestNG.java:1198)
	at org.testng.TestNG.runSuitesLocally(TestNG.java:1123)
	at org.testng.TestNG.run(TestNG.java:1031)
	at org.apache.maven.surefire.testng.TestNGExecutor.run(TestNGExecutor.java:178)
	at org.apache.maven.surefire.testng.TestNGXmlTestSuite.execute(TestNGXmlTestSuite.java:92)
	at org.apache.maven.surefire.testng.TestNGProvider.invoke(TestNGProvider.java:96)
	at sun.reflect.NativeMethodAccessorImpl.invoke0(Native Method)
	at sun.reflect.NativeMethodAccessorImpl.invoke(Unknown Source)
	at sun.reflect.DelegatingMethodAccessorImpl.invoke(Unknown Source)
	at java.lang.reflect.Method.invoke(Unknown Source)
	at org.apache.maven.surefire.util.ReflectionUtils.invokeMethodWithArray2(ReflectionUtils.java:208)
	at org.apache.maven.surefire.booter.ProviderFactory$ProviderProxy.invoke(ProviderFactory.java:159)
	at org.apache.maven.surefire.booter.ProviderFactory.invokeProvider(ProviderFactory.java:87)
	at org.apache.maven.surefire.booter.ForkedBooter.runSuitesInProcess(ForkedBooter.java:153)
	at org.apache.maven.surefire.booter.ForkedBooter.main(ForkedBooter.java:95)
Caused by: org.fest.util.FilesException: Unable to create the new file 'D:\Automation-20072015\CCAutomation\target\surefire-reports\Smoke Test\com.ccautomation.pagetitle.PageTitleTest.verifyTitle.....[null].png': a file was found with the same path
	at org.fest.util.Files.cannotCreateNewFile(Files.java:169)
	at org.fest.util.Files.cannotCreateNewFile(Files.java:158)
	at org.fest.util.Files.newFile(Files.java:130)
	at org.fest.swing.image.ImageFileWriter.writeAsPng(ImageFileWriter.java:41)
	at org.fest.swing.image.ScreenshotTaker.saveImage(ScreenshotTaker.java:182)
	... 33 more

</system-err>
  </testcase>
  <testcase name="verifyTitle" classname="com.ccautomation.pagetitle.PageTitleTest" time="0.033">
    <failure message="null value in entry: url=null" type="java.lang.NullPointerException"><![CDATA[java.lang.NullPointerException: null value in entry: url=null
	at com.google.common.collect.CollectPreconditions.checkEntryNotNull(CollectPreconditions.java:33)
	at com.google.common.collect.SingletonImmutableBiMap.<init>(SingletonImmutableBiMap.java:39)
	at com.google.common.collect.ImmutableBiMap.of(ImmutableBiMap.java:57)
	at com.google.common.collect.ImmutableMap.of(ImmutableMap.java:80)
	at org.openqa.selenium.remote.RemoteWebDriver.get(RemoteWebDriver.java:304)
	at com.ccautomation.utils.WebUtils.navigateToUrl(WebUtils.java:56)
	at com.ccautomation.pagetitle.PageTitleTest.verifyTitle(PageTitleTest.java:45)
]]></failure>
    <system-err>Jul 23, 2015 4:06:58 PM org.fest.swing.testng.listener.ScreenshotOnFailureListener takeScreenshotAndReturnFileName
SEVERE: Unable to save image as 'D:\Automation-20072015\CCAutomation\target\surefire-reports\Smoke Test\com.ccautomation.pagetitle.PageTitleTest.verifyTitle.....[null].png'
org.fest.swing.image.ImageException: Unable to save image as 'D:\Automation-20072015\CCAutomation\target\surefire-reports\Smoke Test\com.ccautomation.pagetitle.PageTitleTest.verifyTitle.....[null].png'
	at org.fest.swing.image.ScreenshotTaker.saveImage(ScreenshotTaker.java:184)
	at org.fest.swing.image.ScreenshotTaker.saveDesktopAsPng(ScreenshotTaker.java:82)
	at org.fest.swing.testng.listener.ScreenshotOnFailureListener.takeScreenshotAndReturnFileName(ScreenshotOnFailureListener.java:118)
	at org.fest.swing.testng.listener.ScreenshotOnFailureListener.onTestFailure(ScreenshotOnFailureListener.java:100)
	at org.testng.internal.Invoker.runTestListeners(Invoker.java:1895)
	at org.testng.internal.Invoker.runTestListeners(Invoker.java:1879)
	at org.testng.internal.Invoker.invokeMethod(Invoker.java:778)
	at org.testng.internal.Invoker.invokeTestMethod(Invoker.java:901)
	at org.testng.internal.Invoker.invokeTestMethods(Invoker.java:1231)
	at org.testng.internal.TestMethodWorker.invokeTestMethods(TestMethodWorker.java:127)
	at org.testng.internal.TestMethodWorker.run(TestMethodWorker.java:111)
	at org.testng.TestRunner.privateRun(TestRunner.java:767)
	at org.testng.TestRunner.run(TestRunner.java:617)
	at org.testng.SuiteRunner.runTest(SuiteRunner.java:334)
	at org.testng.SuiteRunner.runSequentially(SuiteRunner.java:329)
	at org.testng.SuiteRunner.privateRun(SuiteRunner.java:291)
	at org.testng.SuiteRunner.run(SuiteRunner.java:240)
	at org.testng.SuiteRunnerWorker.runSuite(SuiteRunnerWorker.java:52)
	at org.testng.SuiteRunnerWorker.run(SuiteRunnerWorker.java:86)
	at org.testng.TestNG.runSuitesSequentially(TestNG.java:1198)
	at org.testng.TestNG.runSuitesLocally(TestNG.java:1123)
	at org.testng.TestNG.run(TestNG.java:1031)
	at org.apache.maven.surefire.testng.TestNGExecutor.run(TestNGExecutor.java:178)
	at org.apache.maven.surefire.testng.TestNGXmlTestSuite.execute(TestNGXmlTestSuite.java:92)
	at org.apache.maven.surefire.testng.TestNGProvider.invoke(TestNGProvider.java:96)
	at sun.reflect.NativeMethodAccessorImpl.invoke0(Native Method)
	at sun.reflect.NativeMethodAccessorImpl.invoke(Unknown Source)
	at sun.reflect.DelegatingMethodAccessorImpl.invoke(Unknown Source)
	at java.lang.reflect.Method.invoke(Unknown Source)
	at org.apache.maven.surefire.util.ReflectionUtils.invokeMethodWithArray2(ReflectionUtils.java:208)
	at org.apache.maven.surefire.booter.ProviderFactory$ProviderProxy.invoke(ProviderFactory.java:159)
	at org.apache.maven.surefire.booter.ProviderFactory.invokeProvider(ProviderFactory.java:87)
	at org.apache.maven.surefire.booter.ForkedBooter.runSuitesInProcess(ForkedBooter.java:153)
	at org.apache.maven.surefire.booter.ForkedBooter.main(ForkedBooter.java:95)
Caused by: org.fest.util.FilesException: Unable to create the new file 'D:\Automation-20072015\CCAutomation\target\surefire-reports\Smoke Test\com.ccautomation.pagetitle.PageTitleTest.verifyTitle.....[null].png': a file was found with the same path
	at org.fest.util.Files.cannotCreateNewFile(Files.java:169)
	at org.fest.util.Files.cannotCreateNewFile(Files.java:158)
	at org.fest.util.Files.newFile(Files.java:130)
	at org.fest.swing.image.ImageFileWriter.writeAsPng(ImageFileWriter.java:41)
	at org.fest.swing.image.ScreenshotTaker.saveImage(ScreenshotTaker.java:182)
	... 33 more

</system-err>
  </testcase>
  <testcase name="verifyTitle" classname="com.ccautomation.pagetitle.PageTitleTest" time="0.034">
    <failure message="null value in entry: url=null" type="java.lang.NullPointerException"><![CDATA[java.lang.NullPointerException: null value in entry: url=null
	at com.google.common.collect.CollectPreconditions.checkEntryNotNull(CollectPreconditions.java:33)
	at com.google.common.collect.SingletonImmutableBiMap.<init>(SingletonImmutableBiMap.java:39)
	at com.google.common.collect.ImmutableBiMap.of(ImmutableBiMap.java:57)
	at com.google.common.collect.ImmutableMap.of(ImmutableMap.java:80)
	at org.openqa.selenium.remote.RemoteWebDriver.get(RemoteWebDriver.java:304)
	at com.ccautomation.utils.WebUtils.navigateToUrl(WebUtils.java:56)
	at com.ccautomation.pagetitle.PageTitleTest.verifyTitle(PageTitleTest.java:45)
]]></failure>
    <system-err>Jul 23, 2015 4:06:58 PM org.fest.swing.testng.listener.ScreenshotOnFailureListener takeScreenshotAndReturnFileName
SEVERE: Unable to save image as 'D:\Automation-20072015\CCAutomation\target\surefire-reports\Smoke Test\com.ccautomation.pagetitle.PageTitleTest.verifyTitle.....[null].png'
org.fest.swing.image.ImageException: Unable to save image as 'D:\Automation-20072015\CCAutomation\target\surefire-reports\Smoke Test\com.ccautomation.pagetitle.PageTitleTest.verifyTitle.....[null].png'
	at org.fest.swing.image.ScreenshotTaker.saveImage(ScreenshotTaker.java:184)
	at org.fest.swing.image.ScreenshotTaker.saveDesktopAsPng(ScreenshotTaker.java:82)
	at org.fest.swing.testng.listener.ScreenshotOnFailureListener.takeScreenshotAndReturnFileName(ScreenshotOnFailureListener.java:118)
	at org.fest.swing.testng.listener.ScreenshotOnFailureListener.onTestFailure(ScreenshotOnFailureListener.java:100)
	at org.testng.internal.Invoker.runTestListeners(Invoker.java:1895)
	at org.testng.internal.Invoker.runTestListeners(Invoker.java:1879)
	at org.testng.internal.Invoker.invokeMethod(Invoker.java:778)
	at org.testng.internal.Invoker.invokeTestMethod(Invoker.java:901)
	at org.testng.internal.Invoker.invokeTestMethods(Invoker.java:1231)
	at org.testng.internal.TestMethodWorker.invokeTestMethods(TestMethodWorker.java:127)
	at org.testng.internal.TestMethodWorker.run(TestMethodWorker.java:111)
	at org.testng.TestRunner.privateRun(TestRunner.java:767)
	at org.testng.TestRunner.run(TestRunner.java:617)
	at org.testng.SuiteRunner.runTest(SuiteRunner.java:334)
	at org.testng.SuiteRunner.runSequentially(SuiteRunner.java:329)
	at org.testng.SuiteRunner.privateRun(SuiteRunner.java:291)
	at org.testng.SuiteRunner.run(SuiteRunner.java:240)
	at org.testng.SuiteRunnerWorker.runSuite(SuiteRunnerWorker.java:52)
	at org.testng.SuiteRunnerWorker.run(SuiteRunnerWorker.java:86)
	at org.testng.TestNG.runSuitesSequentially(TestNG.java:1198)
	at org.testng.TestNG.runSuitesLocally(TestNG.java:1123)
	at org.testng.TestNG.run(TestNG.java:1031)
	at org.apache.maven.surefire.testng.TestNGExecutor.run(TestNGExecutor.java:178)
	at org.apache.maven.surefire.testng.TestNGXmlTestSuite.execute(TestNGXmlTestSuite.java:92)
	at org.apache.maven.surefire.testng.TestNGProvider.invoke(TestNGProvider.java:96)
	at sun.reflect.NativeMethodAccessorImpl.invoke0(Native Method)
	at sun.reflect.NativeMethodAccessorImpl.invoke(Unknown Source)
	at sun.reflect.DelegatingMethodAccessorImpl.invoke(Unknown Source)
	at java.lang.reflect.Method.invoke(Unknown Source)
	at org.apache.maven.surefire.util.ReflectionUtils.invokeMethodWithArray2(ReflectionUtils.java:208)
	at org.apache.maven.surefire.booter.ProviderFactory$ProviderProxy.invoke(ProviderFactory.java:159)
	at org.apache.maven.surefire.booter.ProviderFactory.invokeProvider(ProviderFactory.java:87)
	at org.apache.maven.surefire.booter.ForkedBooter.runSuitesInProcess(ForkedBooter.java:153)
	at org.apache.maven.surefire.booter.ForkedBooter.main(ForkedBooter.java:95)
Caused by: org.fest.util.FilesException: Unable to create the new file 'D:\Automation-20072015\CCAutomation\target\surefire-reports\Smoke Test\com.ccautomation.pagetitle.PageTitleTest.verifyTitle.....[null].png': a file was found with the same path
	at org.fest.util.Files.cannotCreateNewFile(Files.java:169)
	at org.fest.util.Files.cannotCreateNewFile(Files.java:158)
	at org.fest.util.Files.newFile(Files.java:130)
	at org.fest.swing.image.ImageFileWriter.writeAsPng(ImageFileWriter.java:41)
	at org.fest.swing.image.ScreenshotTaker.saveImage(ScreenshotTaker.java:182)
	... 33 more

</system-err>
  </testcase>
</testsuite>