<?xml version="1.0" encoding="UTF-8"?>
<testsuite name="TestSuite" time="0" tests="1" errors="0" skipped="1" failures="0">
  <properties>
[...]
</properties>
  <testcase name="verifygacode" classname="com.ccautomation.gaCode.PageTitleTestGacode" time="0">
    <skipped/>
    <system-out>



CONFIGURING TESTNG




</system-out>
    <system-err>Jul 28, 2015 6:28:42 PM org.fest.swing.testng.listener.ScreenshotOnFailureListener onStart
INFO: TestNG output directory: 'D:\Automation-20072015\CCAutomation\target\surefire-reports\Smoke Test'
Starting ChromeDriver 2.16.333243 (0bfa1d3575fc1044244f21ddb82bf870944ef961) on port 11986
Only local connections are allowed.
log4j:WARN No appenders could be found for logger (org.apache.http.client.protocol.RequestAddCookies).
log4j:WARN Please initialize the log4j system properly.
</system-err>
  </testcase>
</testsuite>